Analysis & Synthesis report for g14_enigma_user_interface
Thu Apr 07 15:57:01 2016
Quartus Prime Version 15.1.0 Build 185 10/21/2015 SJ Lite Edition


---------------------
; Table of Contents ;
---------------------
  1. Legal Notice
  2. Analysis & Synthesis Summary
  3. Analysis & Synthesis Settings
  4. Parallel Compilation
  5. Analysis & Synthesis Source Files Read
  6. Analysis & Synthesis Resource Usage Summary
  7. Analysis & Synthesis Resource Utilization by Entity
  8. General Register Statistics
  9. Post-Synthesis Netlist Statistics for Top Partition
 10. Elapsed Time Per Partition
 11. Analysis & Synthesis Messages



----------------
; Legal Notice ;
----------------
Copyright (C) 1991-2015 Altera Corporation. All rights reserved.
Your use of Altera Corporation's design tools, logic functions 
and other software and tools, and its AMPP partner logic 
functions, and any output files from any of the foregoing 
(including device programming or simulation files), and any 
associated documentation or information are expressly subject 
to the terms and conditions of the Altera Program License 
Subscription Agreement, the Altera Quartus Prime License Agreement,
the Altera MegaCore Function License Agreement, or other 
applicable license agreement, including, without limitation, 
that your use is for the sole purpose of programming logic 
devices manufactured by Altera and sold by Altera or its 
authorized distributors.  Please refer to the applicable 
agreement for further details.



+-------------------------------------------------------------------------------+
; Analysis & Synthesis Summary                                                  ;
+---------------------------------+---------------------------------------------+
; Analysis & Synthesis Status     ; Successful - Thu Apr 07 15:57:01 2016       ;
; Quartus Prime Version           ; 15.1.0 Build 185 10/21/2015 SJ Lite Edition ;
; Revision Name                   ; g14_enigma_user_interface                   ;
; Top-level Entity Name           ; g14_enigma_user_interface                   ;
; Family                          ; Cyclone V                                   ;
; Logic utilization (in ALMs)     ; N/A                                         ;
; Total registers                 ; 0                                           ;
; Total pins                      ; 55                                          ;
; Total virtual pins              ; 0                                           ;
; Total block memory bits         ; 0                                           ;
; Total DSP Blocks                ; 0                                           ;
; Total HSSI RX PCSs              ; 0                                           ;
; Total HSSI PMA RX Deserializers ; 0                                           ;
; Total HSSI TX PCSs              ; 0                                           ;
; Total HSSI PMA TX Serializers   ; 0                                           ;
; Total PLLs                      ; 0                                           ;
; Total DLLs                      ; 0                                           ;
+---------------------------------+---------------------------------------------+


+-----------------------------------------------------------------------------------------------------------------------------------------+
; Analysis & Synthesis Settings                                                                                                           ;
+---------------------------------------------------------------------------------+---------------------------+---------------------------+
; Option                                                                          ; Setting                   ; Default Value             ;
+---------------------------------------------------------------------------------+---------------------------+---------------------------+
; Device                                                                          ; 5CSEMA5F31C6              ;                           ;
; Top-level entity name                                                           ; g14_enigma_user_interface ; g14_enigma_user_interface ;
; Family name                                                                     ; Cyclone V                 ; Cyclone V                 ;
; Use smart compilation                                                           ; Off                       ; Off                       ;
; Enable parallel Assembler and TimeQuest Timing Analyzer during compilation      ; On                        ; On                        ;
; Enable compact report table                                                     ; Off                       ; Off                       ;
; Restructure Multiplexers                                                        ; Auto                      ; Auto                      ;
; MLAB Add Timing Constraints For Mixed-Port Feed-Through Mode Setting Don't Care ; Off                       ; Off                       ;
; Create Debugging Nodes for IP Cores                                             ; Off                       ; Off                       ;
; Preserve fewer node names                                                       ; On                        ; On                        ;
; Disable OpenCore Plus hardware evaluation                                       ; Off                       ; Off                       ;
; Verilog Version                                                                 ; Verilog_2001              ; Verilog_2001              ;
; VHDL Version                                                                    ; VHDL_1993                 ; VHDL_1993                 ;
; State Machine Processing                                                        ; Auto                      ; Auto                      ;
; Safe State Machine                                                              ; Off                       ; Off                       ;
; Extract Verilog State Machines                                                  ; On                        ; On                        ;
; Extract VHDL State Machines                                                     ; On                        ; On                        ;
; Ignore Verilog initial constructs                                               ; Off                       ; Off                       ;
; Iteration limit for constant Verilog loops                                      ; 5000                      ; 5000                      ;
; Iteration limit for non-constant Verilog loops                                  ; 250                       ; 250                       ;
; Add Pass-Through Logic to Inferred RAMs                                         ; On                        ; On                        ;
; Infer RAMs from Raw Logic                                                       ; On                        ; On                        ;
; Parallel Synthesis                                                              ; On                        ; On                        ;
; DSP Block Balancing                                                             ; Auto                      ; Auto                      ;
; NOT Gate Push-Back                                                              ; On                        ; On                        ;
; Power-Up Don't Care                                                             ; On                        ; On                        ;
; Remove Redundant Logic Cells                                                    ; Off                       ; Off                       ;
; Remove Duplicate Registers                                                      ; On                        ; On                        ;
; Ignore CARRY Buffers                                                            ; Off                       ; Off                       ;
; Ignore CASCADE Buffers                                                          ; Off                       ; Off                       ;
; Ignore GLOBAL Buffers                                                           ; Off                       ; Off                       ;
; Ignore ROW GLOBAL Buffers                                                       ; Off                       ; Off                       ;
; Ignore LCELL Buffers                                                            ; Off                       ; Off                       ;
; Ignore SOFT Buffers                                                             ; On                        ; On                        ;
; Limit AHDL Integers to 32 Bits                                                  ; Off                       ; Off                       ;
; Optimization Technique                                                          ; Balanced                  ; Balanced                  ;
; Carry Chain Length                                                              ; 70                        ; 70                        ;
; Auto Carry Chains                                                               ; On                        ; On                        ;
; Auto Open-Drain Pins                                                            ; On                        ; On                        ;
; Perform WYSIWYG Primitive Resynthesis                                           ; Off                       ; Off                       ;
; Auto ROM Replacement                                                            ; On                        ; On                        ;
; Auto RAM Replacement                                                            ; On                        ; On                        ;
; Auto DSP Block Replacement                                                      ; On                        ; On                        ;
; Auto Shift Register Replacement                                                 ; Auto                      ; Auto                      ;
; Allow Shift Register Merging across Hierarchies                                 ; Auto                      ; Auto                      ;
; Auto Clock Enable Replacement                                                   ; On                        ; On                        ;
; Strict RAM Replacement                                                          ; Off                       ; Off                       ;
; Allow Synchronous Control Signals                                               ; On                        ; On                        ;
; Force Use of Synchronous Clear Signals                                          ; Off                       ; Off                       ;
; Auto Resource Sharing                                                           ; Off                       ; Off                       ;
; Allow Any RAM Size For Recognition                                              ; Off                       ; Off                       ;
; Allow Any ROM Size For Recognition                                              ; Off                       ; Off                       ;
; Allow Any Shift Register Size For Recognition                                   ; Off                       ; Off                       ;
; Use LogicLock Constraints during Resource Balancing                             ; On                        ; On                        ;
; Ignore translate_off and synthesis_off directives                               ; Off                       ; Off                       ;
; Timing-Driven Synthesis                                                         ; On                        ; On                        ;
; Report Parameter Settings                                                       ; On                        ; On                        ;
; Report Source Assignments                                                       ; On                        ; On                        ;
; Report Connectivity Checks                                                      ; On                        ; On                        ;
; Ignore Maximum Fan-Out Assignments                                              ; Off                       ; Off                       ;
; Synchronization Register Chain Length                                           ; 3                         ; 3                         ;
; PowerPlay Power Optimization During Synthesis                                   ; Normal compilation        ; Normal compilation        ;
; HDL message level                                                               ; Level2                    ; Level2                    ;
; Suppress Register Optimization Related Messages                                 ; Off                       ; Off                       ;
; Number of Removed Registers Reported in Synthesis Report                        ; 5000                      ; 5000                      ;
; Number of Swept Nodes Reported in Synthesis Report                              ; 5000                      ; 5000                      ;
; Number of Inverted Registers Reported in Synthesis Report                       ; 100                       ; 100                       ;
; Clock MUX Protection                                                            ; On                        ; On                        ;
; Auto Gated Clock Conversion                                                     ; Off                       ; Off                       ;
; Block Design Naming                                                             ; Auto                      ; Auto                      ;
; SDC constraint protection                                                       ; Off                       ; Off                       ;
; Synthesis Effort                                                                ; Auto                      ; Auto                      ;
; Shift Register Replacement - Allow Asynchronous Clear Signal                    ; On                        ; On                        ;
; Pre-Mapping Resynthesis Optimization                                            ; Off                       ; Off                       ;
; Analysis & Synthesis Message Level                                              ; Medium                    ; Medium                    ;
; Disable Register Merging Across Hierarchies                                     ; Auto                      ; Auto                      ;
; Resource Aware Inference For Block RAM                                          ; On                        ; On                        ;
; Synthesis Seed                                                                  ; 1                         ; 1                         ;
; Automatic Parallel Synthesis                                                    ; On                        ; On                        ;
; Partial Reconfiguration Bitstream ID                                            ; Off                       ; Off                       ;
+---------------------------------------------------------------------------------+---------------------------+---------------------------+


+------------------------------------------+
; Parallel Compilation                     ;
+----------------------------+-------------+
; Processors                 ; Number      ;
+----------------------------+-------------+
; Number detected on machine ; 4           ;
; Maximum allowed            ; 2           ;
;                            ;             ;
; Average used               ; 1.00        ;
; Maximum used               ; 1           ;
;                            ;             ;
; Usage by Processor         ; % Time Used ;
;     Processor 1            ; 100.0%      ;
+----------------------------+-------------+


+---------------------------------------------------------------------------------------------------------------------------------------------------------------+
; Analysis & Synthesis Source Files Read                                                                                                                        ;
+----------------------------------+-----------------+-----------------+------------------------------------------------------------------------------+---------+
; File Name with User-Entered Path ; Used in Netlist ; File Type       ; File Name with Absolute Path                                                 ; Library ;
+----------------------------------+-----------------+-----------------+------------------------------------------------------------------------------+---------+
; g14_enigma_user_interface.vhd    ; yes             ; User VHDL File  ; C:/Users/user/Documents/GitHub/ecse-323/enigma/g14_enigma_user_interface.vhd ;         ;
+----------------------------------+-----------------+-----------------+------------------------------------------------------------------------------+---------+


+-----------------------------------------------------+
; Analysis & Synthesis Resource Usage Summary         ;
+---------------------------------------------+-------+
; Resource                                    ; Usage ;
+---------------------------------------------+-------+
; Estimate of Logic utilization (ALMs needed) ; 0     ;
;                                             ;       ;
; Combinational ALUT usage for logic          ; 0     ;
;     -- 7 input functions                    ; 0     ;
;     -- 6 input functions                    ; 0     ;
;     -- 5 input functions                    ; 0     ;
;     -- 4 input functions                    ; 0     ;
;     -- <=3 input functions                  ; 0     ;
;                                             ;       ;
; Dedicated logic registers                   ; 0     ;
;                                             ;       ;
; I/O pins                                    ; 55    ;
;                                             ;       ;
; Total DSP Blocks                            ; 0     ;
;                                             ;       ;
; Maximum fan-out node                        ; clock ;
; Maximum fan-out                             ; 1     ;
; Total fan-out                               ; 55    ;
; Average fan-out                             ; 0.50  ;
+---------------------------------------------+-------+


+------------------------------------------------------------------------------------------------------------------------------------------------------------------+
; Analysis & Synthesis Resource Utilization by Entity                                                                                                              ;
+----------------------------+-------------------+--------------+-------------------+------------+------+--------------+----------------------------+--------------+
; Compilation Hierarchy Node ; LC Combinationals ; LC Registers ; Block Memory Bits ; DSP Blocks ; Pins ; Virtual Pins ; Full Hierarchy Name        ; Library Name ;
+----------------------------+-------------------+--------------+-------------------+------------+------+--------------+----------------------------+--------------+
; |g14_enigma_user_interface ; 0 (0)             ; 0 (0)        ; 0                 ; 0          ; 55   ; 0            ; |g14_enigma_user_interface ; work         ;
+----------------------------+-------------------+--------------+-------------------+------------+------+--------------+----------------------------+--------------+
Note: For table entries with two numbers listed, the numbers in parentheses indicate the number of resources of the given type used by the specific entity alone. The numbers listed outside of parentheses indicate the total resources of the given type used by the specific entity and all of its sub-entities in the hierarchy.


+------------------------------------------------------+
; General Register Statistics                          ;
+----------------------------------------------+-------+
; Statistic                                    ; Value ;
+----------------------------------------------+-------+
; Total registers                              ; 0     ;
; Number of registers using Synchronous Clear  ; 0     ;
; Number of registers using Synchronous Load   ; 0     ;
; Number of registers using Asynchronous Clear ; 0     ;
; Number of registers using Asynchronous Load  ; 0     ;
; Number of registers using Clock Enable       ; 0     ;
; Number of registers using Preset             ; 0     ;
+----------------------------------------------+-------+


+-----------------------------------------------------+
; Post-Synthesis Netlist Statistics for Top Partition ;
+-----------------------+-----------------------------+
; Type                  ; Count                       ;
+-----------------------+-----------------------------+
; arriav_lcell_comb     ; 1                           ;
;     normal            ; 1                           ;
;         0 data inputs ; 1                           ;
; boundary_port         ; 55                          ;
;                       ;                             ;
; Max LUT depth         ; 0.00                        ;
; Average LUT depth     ; 0.00                        ;
+-----------------------+-----------------------------+


+-------------------------------+
; Elapsed Time Per Partition    ;
+----------------+--------------+
; Partition Name ; Elapsed Time ;
+----------------+--------------+
; Top            ; 00:00:00     ;
+----------------+--------------+


+-------------------------------+
; Analysis & Synthesis Messages ;
+-------------------------------+
Info: *******************************************************************
Info: Running Quartus Prime Analysis & Synthesis
    Info: Version 15.1.0 Build 185 10/21/2015 SJ Lite Edition
    Info: Processing started: Thu Apr 07 15:56:40 2016
Info: Command: quartus_map --read_settings_files=on --write_settings_files=off g14_enigma_user_interface -c g14_enigma_user_interface
Info (20030): Parallel compilation is enabled and will use 2 of the 2 processors detected
Info (12021): Found 2 design units, including 1 entities, in source file /users/user/documents/github/ecse-323/lab2/g14_7_segment_decoder/g14_7_segment_decoder.vhd
    Info (12022): Found design unit 1: g14_7_segment_decoder-behaviour File: C:/Users/user/Documents/GitHub/ecse-323/lab2/g14_7_segment_decoder/g14_7_segment_decoder.vhd Line: 19
    Info (12023): Found entity 1: g14_7_segment_decoder File: C:/Users/user/Documents/GitHub/ecse-323/lab2/g14_7_segment_decoder/g14_7_segment_decoder.vhd Line: 14
Info (12021): Found 2 design units, including 1 entities, in source file /users/user/documents/github/ecse-323/lab5/g14_enigma_machine/g14_stecker.vhd
    Info (12022): Found design unit 1: g14_stecker-behaviour File: C:/Users/user/Documents/GitHub/ecse-323/lab5/g14_enigma_machine/g14_stecker.vhd Line: 15
    Info (12023): Found entity 1: g14_stecker File: C:/Users/user/Documents/GitHub/ecse-323/lab5/g14_enigma_machine/g14_stecker.vhd Line: 7
Info (12021): Found 2 design units, including 1 entities, in source file /users/user/documents/github/ecse-323/lab5/g14_enigma_machine/g14_rotor_stepper_fsm.vhd
    Info (12022): Found design unit 1: g14_rotor_stepper_fsm-rotor_step File: C:/Users/user/Documents/GitHub/ecse-323/lab5/g14_enigma_machine/g14_rotor_stepper_fsm.vhd Line: 20
    Info (12023): Found entity 1: g14_rotor_stepper_fsm File: C:/Users/user/Documents/GitHub/ecse-323/lab5/g14_enigma_machine/g14_rotor_stepper_fsm.vhd Line: 7
Info (12021): Found 2 design units, including 1 entities, in source file /users/user/documents/github/ecse-323/lab5/g14_enigma_machine/g14_rotor.vhd
    Info (12022): Found design unit 1: g14_rotor-arch File: C:/Users/user/Documents/GitHub/ecse-323/lab5/g14_enigma_machine/g14_rotor.vhd Line: 25
    Info (12023): Found entity 1: g14_rotor File: C:/Users/user/Documents/GitHub/ecse-323/lab5/g14_enigma_machine/g14_rotor.vhd Line: 8
Info (12021): Found 2 design units, including 1 entities, in source file /users/user/documents/github/ecse-323/lab5/g14_enigma_machine/g14_reflector.vhd
    Info (12022): Found design unit 1: g14_reflector-behaviour File: C:/Users/user/Documents/GitHub/ecse-323/lab5/g14_enigma_machine/g14_reflector.vhd Line: 16
    Info (12023): Found entity 1: g14_reflector File: C:/Users/user/Documents/GitHub/ecse-323/lab5/g14_enigma_machine/g14_reflector.vhd Line: 7
Info (12021): Found 2 design units, including 1 entities, in source file /users/user/documents/github/ecse-323/lab5/g14_enigma_machine/g14_permutation.vhd
    Info (12022): Found design unit 1: g14_permutation-permuter File: C:/Users/user/Documents/GitHub/ecse-323/lab5/g14_enigma_machine/g14_permutation.vhd Line: 17
    Info (12023): Found entity 1: g14_permutation File: C:/Users/user/Documents/GitHub/ecse-323/lab5/g14_enigma_machine/g14_permutation.vhd Line: 9
Info (12021): Found 2 design units, including 1 entities, in source file /users/user/documents/github/ecse-323/lab5/g14_enigma_machine/g14_counter_with_load.vhd
    Info (12022): Found design unit 1: g14_counter_with_load-counter File: C:/Users/user/Documents/GitHub/ecse-323/lab5/g14_enigma_machine/g14_counter_with_load.vhd Line: 22
    Info (12023): Found entity 1: g14_counter_with_load File: C:/Users/user/Documents/GitHub/ecse-323/lab5/g14_enigma_machine/g14_counter_with_load.vhd Line: 11
Info (12021): Found 2 design units, including 1 entities, in source file /users/user/documents/github/ecse-323/lab5/g14_enigma_machine/g14_barrel_shifter.vhd
    Info (12022): Found design unit 1: g14_barrel_shifter-shifter File: C:/Users/user/Documents/GitHub/ecse-323/lab5/g14_enigma_machine/g14_barrel_shifter.vhd Line: 18
    Info (12023): Found entity 1: g14_barrel_shifter File: C:/Users/user/Documents/GitHub/ecse-323/lab5/g14_enigma_machine/g14_barrel_shifter.vhd Line: 8
Info (12021): Found 2 design units, including 1 entities, in source file /users/user/documents/github/ecse-323/lab5/g14_enigma_machine/g14_26_5_encoder.vhd
    Info (12022): Found design unit 1: g14_26_5_encoder-encoder File: C:/Users/user/Documents/GitHub/ecse-323/lab5/g14_enigma_machine/g14_26_5_encoder.vhd Line: 23
    Info (12023): Found entity 1: g14_26_5_encoder File: C:/Users/user/Documents/GitHub/ecse-323/lab5/g14_enigma_machine/g14_26_5_encoder.vhd Line: 16
Info (12021): Found 2 design units, including 1 entities, in source file /users/user/documents/github/ecse-323/lab5/g14_enigma_machine/g14_5_bit_comparator.vhd
    Info (12022): Found design unit 1: g14_5_bit_comparator-behaviour File: C:/Users/user/Documents/GitHub/ecse-323/lab5/g14_enigma_machine/g14_5_bit_comparator.vhd Line: 14
    Info (12023): Found entity 1: g14_5_bit_comparator File: C:/Users/user/Documents/GitHub/ecse-323/lab5/g14_enigma_machine/g14_5_bit_comparator.vhd Line: 8
Info (12021): Found 2 design units, including 1 entities, in source file /users/user/documents/github/ecse-323/lab5/g14_enigma_machine/g14_5_26_decoder.vhd
    Info (12022): Found design unit 1: g14_5_26_decoder-decoder File: C:/Users/user/Documents/GitHub/ecse-323/lab5/g14_enigma_machine/g14_5_26_decoder.vhd Line: 33
    Info (12023): Found entity 1: g14_5_26_decoder File: C:/Users/user/Documents/GitHub/ecse-323/lab5/g14_enigma_machine/g14_5_26_decoder.vhd Line: 27
Info (12021): Found 2 design units, including 1 entities, in source file /users/user/documents/github/ecse-323/lab5/g14_enigma_machine/enigma.vhd
    Info (12022): Found design unit 1: enigma-arch File: C:/Users/user/Documents/GitHub/ecse-323/lab5/g14_enigma_machine/enigma.vhd Line: 28
    Info (12023): Found entity 1: enigma File: C:/Users/user/Documents/GitHub/ecse-323/lab5/g14_enigma_machine/enigma.vhd Line: 8
Info (12021): Found 2 design units, including 1 entities, in source file g14_enigma_user_interface.vhd
    Info (12022): Found design unit 1: g14_enigma_user_interface-behaviour File: C:/Users/user/Documents/GitHub/ecse-323/enigma/g14_enigma_user_interface.vhd Line: 25
    Info (12023): Found entity 1: g14_enigma_user_interface File: C:/Users/user/Documents/GitHub/ecse-323/enigma/g14_enigma_user_interface.vhd Line: 8
Info (12127): Elaborating entity "g14_enigma_user_interface" for the top level hierarchy
Warning (10541): VHDL Signal Declaration warning at g14_enigma_user_interface.vhd(17): used implicit default value for signal "setup_switch_led" because signal was never assigned a value or an explicit default value. Use of implicit default value may introduce unintended design optimizations. File: C:/Users/user/Documents/GitHub/ecse-323/enigma/g14_enigma_user_interface.vhd Line: 17
Warning (10541): VHDL Signal Declaration warning at g14_enigma_user_interface.vhd(18): used implicit default value for signal "setup_type_leds" because signal was never assigned a value or an explicit default value. Use of implicit default value may introduce unintended design optimizations. File: C:/Users/user/Documents/GitHub/ecse-323/enigma/g14_enigma_user_interface.vhd Line: 18
Warning (10541): VHDL Signal Declaration warning at g14_enigma_user_interface.vhd(19): used implicit default value for signal "setup_side_led" because signal was never assigned a value or an explicit default value. Use of implicit default value may introduce unintended design optimizations. File: C:/Users/user/Documents/GitHub/ecse-323/enigma/g14_enigma_user_interface.vhd Line: 19
Warning (10541): VHDL Signal Declaration warning at g14_enigma_user_interface.vhd(20): used implicit default value for signal "value_led_1" because signal was never assigned a value or an explicit default value. Use of implicit default value may introduce unintended design optimizations. File: C:/Users/user/Documents/GitHub/ecse-323/enigma/g14_enigma_user_interface.vhd Line: 20
Warning (10541): VHDL Signal Declaration warning at g14_enigma_user_interface.vhd(21): used implicit default value for signal "value_led_0" because signal was never assigned a value or an explicit default value. Use of implicit default value may introduce unintended design optimizations. File: C:/Users/user/Documents/GitHub/ecse-323/enigma/g14_enigma_user_interface.vhd Line: 21
Warning (13024): Output pins are stuck at VCC or GND
    Warning (13410): Pin "setup_switch_led[0]" is stuck at GND File: C:/Users/user/Documents/GitHub/ecse-323/enigma/g14_enigma_user_interface.vhd Line: 17
    Warning (13410): Pin "setup_switch_led[1]" is stuck at GND File: C:/Users/user/Documents/GitHub/ecse-323/enigma/g14_enigma_user_interface.vhd Line: 17
    Warning (13410): Pin "setup_switch_led[2]" is stuck at GND File: C:/Users/user/Documents/GitHub/ecse-323/enigma/g14_enigma_user_interface.vhd Line: 17
    Warning (13410): Pin "setup_switch_led[3]" is stuck at GND File: C:/Users/user/Documents/GitHub/ecse-323/enigma/g14_enigma_user_interface.vhd Line: 17
    Warning (13410): Pin "setup_switch_led[4]" is stuck at GND File: C:/Users/user/Documents/GitHub/ecse-323/enigma/g14_enigma_user_interface.vhd Line: 17
    Warning (13410): Pin "setup_switch_led[5]" is stuck at GND File: C:/Users/user/Documents/GitHub/ecse-323/enigma/g14_enigma_user_interface.vhd Line: 17
    Warning (13410): Pin "setup_switch_led[6]" is stuck at GND File: C:/Users/user/Documents/GitHub/ecse-323/enigma/g14_enigma_user_interface.vhd Line: 17
    Warning (13410): Pin "setup_type_leds[0]" is stuck at GND File: C:/Users/user/Documents/GitHub/ecse-323/enigma/g14_enigma_user_interface.vhd Line: 18
    Warning (13410): Pin "setup_type_leds[1]" is stuck at GND File: C:/Users/user/Documents/GitHub/ecse-323/enigma/g14_enigma_user_interface.vhd Line: 18
    Warning (13410): Pin "setup_type_leds[2]" is stuck at GND File: C:/Users/user/Documents/GitHub/ecse-323/enigma/g14_enigma_user_interface.vhd Line: 18
    Warning (13410): Pin "setup_type_leds[3]" is stuck at GND File: C:/Users/user/Documents/GitHub/ecse-323/enigma/g14_enigma_user_interface.vhd Line: 18
    Warning (13410): Pin "setup_type_leds[4]" is stuck at GND File: C:/Users/user/Documents/GitHub/ecse-323/enigma/g14_enigma_user_interface.vhd Line: 18
    Warning (13410): Pin "setup_type_leds[5]" is stuck at GND File: C:/Users/user/Documents/GitHub/ecse-323/enigma/g14_enigma_user_interface.vhd Line: 18
    Warning (13410): Pin "setup_type_leds[6]" is stuck at GND File: C:/Users/user/Documents/GitHub/ecse-323/enigma/g14_enigma_user_interface.vhd Line: 18
    Warning (13410): Pin "setup_type_leds[7]" is stuck at GND File: C:/Users/user/Documents/GitHub/ecse-323/enigma/g14_enigma_user_interface.vhd Line: 18
    Warning (13410): Pin "setup_type_leds[8]" is stuck at GND File: C:/Users/user/Documents/GitHub/ecse-323/enigma/g14_enigma_user_interface.vhd Line: 18
    Warning (13410): Pin "setup_type_leds[9]" is stuck at GND File: C:/Users/user/Documents/GitHub/ecse-323/enigma/g14_enigma_user_interface.vhd Line: 18
    Warning (13410): Pin "setup_type_leds[10]" is stuck at GND File: C:/Users/user/Documents/GitHub/ecse-323/enigma/g14_enigma_user_interface.vhd Line: 18
    Warning (13410): Pin "setup_type_leds[11]" is stuck at GND File: C:/Users/user/Documents/GitHub/ecse-323/enigma/g14_enigma_user_interface.vhd Line: 18
    Warning (13410): Pin "setup_type_leds[12]" is stuck at GND File: C:/Users/user/Documents/GitHub/ecse-323/enigma/g14_enigma_user_interface.vhd Line: 18
    Warning (13410): Pin "setup_type_leds[13]" is stuck at GND File: C:/Users/user/Documents/GitHub/ecse-323/enigma/g14_enigma_user_interface.vhd Line: 18
    Warning (13410): Pin "setup_side_led[0]" is stuck at GND File: C:/Users/user/Documents/GitHub/ecse-323/enigma/g14_enigma_user_interface.vhd Line: 19
    Warning (13410): Pin "setup_side_led[1]" is stuck at GND File: C:/Users/user/Documents/GitHub/ecse-323/enigma/g14_enigma_user_interface.vhd Line: 19
    Warning (13410): Pin "setup_side_led[2]" is stuck at GND File: C:/Users/user/Documents/GitHub/ecse-323/enigma/g14_enigma_user_interface.vhd Line: 19
    Warning (13410): Pin "setup_side_led[3]" is stuck at GND File: C:/Users/user/Documents/GitHub/ecse-323/enigma/g14_enigma_user_interface.vhd Line: 19
    Warning (13410): Pin "setup_side_led[4]" is stuck at GND File: C:/Users/user/Documents/GitHub/ecse-323/enigma/g14_enigma_user_interface.vhd Line: 19
    Warning (13410): Pin "setup_side_led[5]" is stuck at GND File: C:/Users/user/Documents/GitHub/ecse-323/enigma/g14_enigma_user_interface.vhd Line: 19
    Warning (13410): Pin "setup_side_led[6]" is stuck at GND File: C:/Users/user/Documents/GitHub/ecse-323/enigma/g14_enigma_user_interface.vhd Line: 19
    Warning (13410): Pin "value_led_1[0]" is stuck at GND File: C:/Users/user/Documents/GitHub/ecse-323/enigma/g14_enigma_user_interface.vhd Line: 20
    Warning (13410): Pin "value_led_1[1]" is stuck at GND File: C:/Users/user/Documents/GitHub/ecse-323/enigma/g14_enigma_user_interface.vhd Line: 20
    Warning (13410): Pin "value_led_1[2]" is stuck at GND File: C:/Users/user/Documents/GitHub/ecse-323/enigma/g14_enigma_user_interface.vhd Line: 20
    Warning (13410): Pin "value_led_1[3]" is stuck at GND File: C:/Users/user/Documents/GitHub/ecse-323/enigma/g14_enigma_user_interface.vhd Line: 20
    Warning (13410): Pin "value_led_1[4]" is stuck at GND File: C:/Users/user/Documents/GitHub/ecse-323/enigma/g14_enigma_user_interface.vhd Line: 20
    Warning (13410): Pin "value_led_1[5]" is stuck at GND File: C:/Users/user/Documents/GitHub/ecse-323/enigma/g14_enigma_user_interface.vhd Line: 20
    Warning (13410): Pin "value_led_1[6]" is stuck at GND File: C:/Users/user/Documents/GitHub/ecse-323/enigma/g14_enigma_user_interface.vhd Line: 20
    Warning (13410): Pin "value_led_0[0]" is stuck at GND File: C:/Users/user/Documents/GitHub/ecse-323/enigma/g14_enigma_user_interface.vhd Line: 21
    Warning (13410): Pin "value_led_0[1]" is stuck at GND File: C:/Users/user/Documents/GitHub/ecse-323/enigma/g14_enigma_user_interface.vhd Line: 21
    Warning (13410): Pin "value_led_0[2]" is stuck at GND File: C:/Users/user/Documents/GitHub/ecse-323/enigma/g14_enigma_user_interface.vhd Line: 21
    Warning (13410): Pin "value_led_0[3]" is stuck at GND File: C:/Users/user/Documents/GitHub/ecse-323/enigma/g14_enigma_user_interface.vhd Line: 21
    Warning (13410): Pin "value_led_0[4]" is stuck at GND File: C:/Users/user/Documents/GitHub/ecse-323/enigma/g14_enigma_user_interface.vhd Line: 21
    Warning (13410): Pin "value_led_0[5]" is stuck at GND File: C:/Users/user/Documents/GitHub/ecse-323/enigma/g14_enigma_user_interface.vhd Line: 21
    Warning (13410): Pin "value_led_0[6]" is stuck at GND File: C:/Users/user/Documents/GitHub/ecse-323/enigma/g14_enigma_user_interface.vhd Line: 21
Info (16010): Generating hard_block partition "hard_block:auto_generated_inst"
    Info (16011): Adding 0 node(s), including 0 DDIO, 0 PLL, 0 transceiver and 0 LCELL
Warning (21074): Design contains 13 input pin(s) that do not drive logic
    Warning (15610): No output dependent on input pin "clock" File: C:/Users/user/Documents/GitHub/ecse-323/enigma/g14_enigma_user_interface.vhd Line: 10
    Warning (15610): No output dependent on input pin "value_key" File: C:/Users/user/Documents/GitHub/ecse-323/enigma/g14_enigma_user_interface.vhd Line: 11
    Warning (15610): No output dependent on input pin "initialize_key" File: C:/Users/user/Documents/GitHub/ecse-323/enigma/g14_enigma_user_interface.vhd Line: 12
    Warning (15610): No output dependent on input pin "input_code[0]" File: C:/Users/user/Documents/GitHub/ecse-323/enigma/g14_enigma_user_interface.vhd Line: 13
    Warning (15610): No output dependent on input pin "input_code[1]" File: C:/Users/user/Documents/GitHub/ecse-323/enigma/g14_enigma_user_interface.vhd Line: 13
    Warning (15610): No output dependent on input pin "input_code[2]" File: C:/Users/user/Documents/GitHub/ecse-323/enigma/g14_enigma_user_interface.vhd Line: 13
    Warning (15610): No output dependent on input pin "input_code[3]" File: C:/Users/user/Documents/GitHub/ecse-323/enigma/g14_enigma_user_interface.vhd Line: 13
    Warning (15610): No output dependent on input pin "input_code[4]" File: C:/Users/user/Documents/GitHub/ecse-323/enigma/g14_enigma_user_interface.vhd Line: 13
    Warning (15610): No output dependent on input pin "setup_switch" File: C:/Users/user/Documents/GitHub/ecse-323/enigma/g14_enigma_user_interface.vhd Line: 14
    Warning (15610): No output dependent on input pin "setup_type[0]" File: C:/Users/user/Documents/GitHub/ecse-323/enigma/g14_enigma_user_interface.vhd Line: 15
    Warning (15610): No output dependent on input pin "setup_type[1]" File: C:/Users/user/Documents/GitHub/ecse-323/enigma/g14_enigma_user_interface.vhd Line: 15
    Warning (15610): No output dependent on input pin "setup_side[0]" File: C:/Users/user/Documents/GitHub/ecse-323/enigma/g14_enigma_user_interface.vhd Line: 16
    Warning (15610): No output dependent on input pin "setup_side[1]" File: C:/Users/user/Documents/GitHub/ecse-323/enigma/g14_enigma_user_interface.vhd Line: 16
Info (21057): Implemented 55 device resources after synthesis - the final resource count might be different
    Info (21058): Implemented 13 input pins
    Info (21059): Implemented 42 output pins
Info: Quartus Prime Analysis & Synthesis was successful. 0 errors, 62 warnings
    Info: Peak virtual memory: 907 megabytes
    Info: Processing ended: Thu Apr 07 15:57:01 2016
    Info: Elapsed time: 00:00:21
    Info: Total CPU time (on all processors): 00:00:40


