Analysis & Synthesis report for g14_rotor_stepper
Tue Mar 22 21:06:31 2016
Quartus Prime Version 15.1.0 Build 185 10/21/2015 SJ Lite Edition


---------------------
; Table of Contents ;
---------------------
  1. Legal Notice
  2. Analysis & Synthesis Summary
  3. Analysis & Synthesis Settings
  4. Parallel Compilation
  5. Analysis & Synthesis Source Files Read
  6. Analysis & Synthesis Resource Usage Summary
  7. Analysis & Synthesis Resource Utilization by Entity
  8. State Machine - |g14_rotor_stepper|current_state
  9. User-Specified and Inferred Latches
 10. General Register Statistics
 11. Multiplexer Restructuring Statistics (Restructuring Performed)
 12. Post-Synthesis Netlist Statistics for Top Partition
 13. Elapsed Time Per Partition
 14. Analysis & Synthesis Messages



----------------
; Legal Notice ;
----------------
Copyright (C) 1991-2015 Altera Corporation. All rights reserved.
Your use of Altera Corporation's design tools, logic functions 
and other software and tools, and its AMPP partner logic 
functions, and any output files from any of the foregoing 
(including device programming or simulation files), and any 
associated documentation or information are expressly subject 
to the terms and conditions of the Altera Program License 
Subscription Agreement, the Altera Quartus Prime License Agreement,
the Altera MegaCore Function License Agreement, or other 
applicable license agreement, including, without limitation, 
that your use is for the sole purpose of programming logic 
devices manufactured by Altera and sold by Altera or its 
authorized distributors.  Please refer to the applicable 
agreement for further details.



+-------------------------------------------------------------------------------+
; Analysis & Synthesis Summary                                                  ;
+---------------------------------+---------------------------------------------+
; Analysis & Synthesis Status     ; Successful - Tue Mar 22 21:06:30 2016       ;
; Quartus Prime Version           ; 15.1.0 Build 185 10/21/2015 SJ Lite Edition ;
; Revision Name                   ; g14_rotor_stepper                           ;
; Top-level Entity Name           ; g14_rotor_stepper                           ;
; Family                          ; Cyclone V                                   ;
; Logic utilization (in ALMs)     ; N/A                                         ;
; Total registers                 ; 8                                           ;
; Total pins                      ; 9                                           ;
; Total virtual pins              ; 0                                           ;
; Total block memory bits         ; 0                                           ;
; Total DSP Blocks                ; 0                                           ;
; Total HSSI RX PCSs              ; 0                                           ;
; Total HSSI PMA RX Deserializers ; 0                                           ;
; Total HSSI TX PCSs              ; 0                                           ;
; Total HSSI PMA TX Serializers   ; 0                                           ;
; Total PLLs                      ; 0                                           ;
; Total DLLs                      ; 0                                           ;
+---------------------------------+---------------------------------------------+


+---------------------------------------------------------------------------------------------------------------------------+
; Analysis & Synthesis Settings                                                                                             ;
+---------------------------------------------------------------------------------+--------------------+--------------------+
; Option                                                                          ; Setting            ; Default Value      ;
+---------------------------------------------------------------------------------+--------------------+--------------------+
; Device                                                                          ; 5CSEMA5F31C6       ;                    ;
; Top-level entity name                                                           ; g14_rotor_stepper  ; g14_rotor_stepper  ;
; Family name                                                                     ; Cyclone V          ; Cyclone V          ;
; Use smart compilation                                                           ; Off                ; Off                ;
; Enable parallel Assembler and TimeQuest Timing Analyzer during compilation      ; On                 ; On                 ;
; Enable compact report table                                                     ; Off                ; Off                ;
; Restructure Multiplexers                                                        ; Auto               ; Auto               ;
; MLAB Add Timing Constraints For Mixed-Port Feed-Through Mode Setting Don't Care ; Off                ; Off                ;
; Create Debugging Nodes for IP Cores                                             ; Off                ; Off                ;
; Preserve fewer node names                                                       ; On                 ; On                 ;
; Disable OpenCore Plus hardware evaluation                                       ; Off                ; Off                ;
; Verilog Version                                                                 ; Verilog_2001       ; Verilog_2001       ;
; VHDL Version                                                                    ; VHDL_1993          ; VHDL_1993          ;
; State Machine Processing                                                        ; Auto               ; Auto               ;
; Safe State Machine                                                              ; Off                ; Off                ;
; Extract Verilog State Machines                                                  ; On                 ; On                 ;
; Extract VHDL State Machines                                                     ; On                 ; On                 ;
; Ignore Verilog initial constructs                                               ; Off                ; Off                ;
; Iteration limit for constant Verilog loops                                      ; 5000               ; 5000               ;
; Iteration limit for non-constant Verilog loops                                  ; 250                ; 250                ;
; Add Pass-Through Logic to Inferred RAMs                                         ; On                 ; On                 ;
; Infer RAMs from Raw Logic                                                       ; On                 ; On                 ;
; Parallel Synthesis                                                              ; On                 ; On                 ;
; DSP Block Balancing                                                             ; Auto               ; Auto               ;
; NOT Gate Push-Back                                                              ; On                 ; On                 ;
; Power-Up Don't Care                                                             ; On                 ; On                 ;
; Remove Redundant Logic Cells                                                    ; Off                ; Off                ;
; Remove Duplicate Registers                                                      ; On                 ; On                 ;
; Ignore CARRY Buffers                                                            ; Off                ; Off                ;
; Ignore CASCADE Buffers                                                          ; Off                ; Off                ;
; Ignore GLOBAL Buffers                                                           ; Off                ; Off                ;
; Ignore ROW GLOBAL Buffers                                                       ; Off                ; Off                ;
; Ignore LCELL Buffers                                                            ; Off                ; Off                ;
; Ignore SOFT Buffers                                                             ; On                 ; On                 ;
; Limit AHDL Integers to 32 Bits                                                  ; Off                ; Off                ;
; Optimization Technique                                                          ; Balanced           ; Balanced           ;
; Carry Chain Length                                                              ; 70                 ; 70                 ;
; Auto Carry Chains                                                               ; On                 ; On                 ;
; Auto Open-Drain Pins                                                            ; On                 ; On                 ;
; Perform WYSIWYG Primitive Resynthesis                                           ; Off                ; Off                ;
; Auto ROM Replacement                                                            ; On                 ; On                 ;
; Auto RAM Replacement                                                            ; On                 ; On                 ;
; Auto DSP Block Replacement                                                      ; On                 ; On                 ;
; Auto Shift Register Replacement                                                 ; Auto               ; Auto               ;
; Allow Shift Register Merging across Hierarchies                                 ; Auto               ; Auto               ;
; Auto Clock Enable Replacement                                                   ; On                 ; On                 ;
; Strict RAM Replacement                                                          ; Off                ; Off                ;
; Allow Synchronous Control Signals                                               ; On                 ; On                 ;
; Force Use of Synchronous Clear Signals                                          ; Off                ; Off                ;
; Auto Resource Sharing                                                           ; Off                ; Off                ;
; Allow Any RAM Size For Recognition                                              ; Off                ; Off                ;
; Allow Any ROM Size For Recognition                                              ; Off                ; Off                ;
; Allow Any Shift Register Size For Recognition                                   ; Off                ; Off                ;
; Use LogicLock Constraints during Resource Balancing                             ; On                 ; On                 ;
; Ignore translate_off and synthesis_off directives                               ; Off                ; Off                ;
; Timing-Driven Synthesis                                                         ; On                 ; On                 ;
; Report Parameter Settings                                                       ; On                 ; On                 ;
; Report Source Assignments                                                       ; On                 ; On                 ;
; Report Connectivity Checks                                                      ; On                 ; On                 ;
; Ignore Maximum Fan-Out Assignments                                              ; Off                ; Off                ;
; Synchronization Register Chain Length                                           ; 3                  ; 3                  ;
; PowerPlay Power Optimization During Synthesis                                   ; Normal compilation ; Normal compilation ;
; HDL message level                                                               ; Level2             ; Level2             ;
; Suppress Register Optimization Related Messages                                 ; Off                ; Off                ;
; Number of Removed Registers Reported in Synthesis Report                        ; 5000               ; 5000               ;
; Number of Swept Nodes Reported in Synthesis Report                              ; 5000               ; 5000               ;
; Number of Inverted Registers Reported in Synthesis Report                       ; 100                ; 100                ;
; Clock MUX Protection                                                            ; On                 ; On                 ;
; Auto Gated Clock Conversion                                                     ; Off                ; Off                ;
; Block Design Naming                                                             ; Auto               ; Auto               ;
; SDC constraint protection                                                       ; Off                ; Off                ;
; Synthesis Effort                                                                ; Auto               ; Auto               ;
; Shift Register Replacement - Allow Asynchronous Clear Signal                    ; On                 ; On                 ;
; Pre-Mapping Resynthesis Optimization                                            ; Off                ; Off                ;
; Analysis & Synthesis Message Level                                              ; Medium             ; Medium             ;
; Disable Register Merging Across Hierarchies                                     ; Auto               ; Auto               ;
; Resource Aware Inference For Block RAM                                          ; On                 ; On                 ;
; Synthesis Seed                                                                  ; 1                  ; 1                  ;
; Automatic Parallel Synthesis                                                    ; On                 ; On                 ;
; Partial Reconfiguration Bitstream ID                                            ; Off                ; Off                ;
+---------------------------------------------------------------------------------+--------------------+--------------------+


+------------------------------------------+
; Parallel Compilation                     ;
+----------------------------+-------------+
; Processors                 ; Number      ;
+----------------------------+-------------+
; Number detected on machine ; 4           ;
; Maximum allowed            ; 2           ;
;                            ;             ;
; Average used               ; 1.00        ;
; Maximum used               ; 2           ;
;                            ;             ;
; Usage by Processor         ; % Time Used ;
;     Processor 1            ; 100.0%      ;
;     Processor 2            ; < 0.1%      ;
+----------------------------+-------------+


+-----------------------------------------------------------------------------------------------------------------------------------------------------------------------+
; Analysis & Synthesis Source Files Read                                                                                                                                ;
+----------------------------------+-----------------+-----------------+--------------------------------------------------------------------------------------+---------+
; File Name with User-Entered Path ; Used in Netlist ; File Type       ; File Name with Absolute Path                                                         ; Library ;
+----------------------------------+-----------------+-----------------+--------------------------------------------------------------------------------------+---------+
; g14_rotor_stepper.vhd            ; yes             ; User VHDL File  ; C:/Users/user/Documents/GitHub/ecse-323/lab4/g14_rotor_stepper/g14_rotor_stepper.vhd ;         ;
+----------------------------------+-----------------+-----------------+--------------------------------------------------------------------------------------+---------+


+-----------------------------------------------------------+
; Analysis & Synthesis Resource Usage Summary               ;
+---------------------------------------------+-------------+
; Resource                                    ; Usage       ;
+---------------------------------------------+-------------+
; Estimate of Logic utilization (ALMs needed) ; 12          ;
;                                             ;             ;
; Combinational ALUT usage for logic          ; 23          ;
;     -- 7 input functions                    ; 0           ;
;     -- 6 input functions                    ; 0           ;
;     -- 5 input functions                    ; 0           ;
;     -- 4 input functions                    ; 4           ;
;     -- <=3 input functions                  ; 19          ;
;                                             ;             ;
; Dedicated logic registers                   ; 8           ;
;                                             ;             ;
; I/O pins                                    ; 9           ;
;                                             ;             ;
; Total DSP Blocks                            ; 0           ;
;                                             ;             ;
; Maximum fan-out node                        ; clock~input ;
; Maximum fan-out                             ; 8           ;
; Total fan-out                               ; 107         ;
; Average fan-out                             ; 2.18        ;
+---------------------------------------------+-------------+


+-----------------------------------------------------------------------------------------------------------------------------------------------------------+
; Analysis & Synthesis Resource Utilization by Entity                                                                                                       ;
+----------------------------+-------------------+--------------+-------------------+------------+------+--------------+---------------------+--------------+
; Compilation Hierarchy Node ; LC Combinationals ; LC Registers ; Block Memory Bits ; DSP Blocks ; Pins ; Virtual Pins ; Full Hierarchy Name ; Library Name ;
+----------------------------+-------------------+--------------+-------------------+------------+------+--------------+---------------------+--------------+
; |g14_rotor_stepper         ; 23 (23)           ; 8 (8)        ; 0                 ; 0          ; 9    ; 0            ; |g14_rotor_stepper  ; work         ;
+----------------------------+-------------------+--------------+-------------------+------------+------+--------------+---------------------+--------------+
Note: For table entries with two numbers listed, the numbers in parentheses indicate the number of resources of the given type used by the specific entity alone. The numbers listed outside of parentheses indicate the total resources of the given type used by the specific entity and all of its sub-entities in the hierarchy.


Encoding Type:  One-Hot
+--------------------------------------------------------------------------------------------------------------------------------------------------------------------------+
; State Machine - |g14_rotor_stepper|current_state                                                                                                                         ;
+------------------+------------------+------------------+------------------+------------------+------------------+------------------+------------------+------------------+
; Name             ; current_state.s7 ; current_state.s6 ; current_state.s5 ; current_state.s4 ; current_state.s3 ; current_state.s2 ; current_state.s1 ; current_state.s0 ;
+------------------+------------------+------------------+------------------+------------------+------------------+------------------+------------------+------------------+
; current_state.s0 ; 0                ; 0                ; 0                ; 0                ; 0                ; 0                ; 0                ; 0                ;
; current_state.s1 ; 0                ; 0                ; 0                ; 0                ; 0                ; 0                ; 1                ; 1                ;
; current_state.s2 ; 0                ; 0                ; 0                ; 0                ; 0                ; 1                ; 0                ; 1                ;
; current_state.s3 ; 0                ; 0                ; 0                ; 0                ; 1                ; 0                ; 0                ; 1                ;
; current_state.s4 ; 0                ; 0                ; 0                ; 1                ; 0                ; 0                ; 0                ; 1                ;
; current_state.s5 ; 0                ; 0                ; 1                ; 0                ; 0                ; 0                ; 0                ; 1                ;
; current_state.s6 ; 0                ; 1                ; 0                ; 0                ; 0                ; 0                ; 0                ; 1                ;
; current_state.s7 ; 1                ; 0                ; 0                ; 0                ; 0                ; 0                ; 0                ; 1                ;
+------------------+------------------+------------------+------------------+------------------+------------------+------------------+------------------+------------------+


+----------------------------------------------------------------------------------------------------+
; User-Specified and Inferred Latches                                                                ;
+-----------------------------------------------------+---------------------+------------------------+
; Latch Name                                          ; Latch Enable Signal ; Free of Timing Hazards ;
+-----------------------------------------------------+---------------------+------------------------+
; en_l$latch                                          ; WideOr8             ; yes                    ;
; en_m$latch                                          ; WideOr6             ; yes                    ;
; en_r$latch                                          ; WideOr4             ; yes                    ;
; load$latch                                          ; WideOr0             ; yes                    ;
; next_state.s6_181                                   ; Selector9           ; yes                    ;
; next_state.s1_231                                   ; Selector9           ; yes                    ;
; next_state.s5_191                                   ; Selector9           ; yes                    ;
; next_state.s7_171                                   ; Selector9           ; yes                    ;
; next_state.s2_221                                   ; Selector9           ; yes                    ;
; next_state.s3_211                                   ; Selector9           ; yes                    ;
; next_state.s4_201                                   ; Selector9           ; yes                    ;
; Number of user-specified and inferred latches = 11  ;                     ;                        ;
+-----------------------------------------------------+---------------------+------------------------+
Note: All latches listed above may not be present at the end of synthesis due to various synthesis optimizations.


+------------------------------------------------------+
; General Register Statistics                          ;
+----------------------------------------------+-------+
; Statistic                                    ; Value ;
+----------------------------------------------+-------+
; Total registers                              ; 8     ;
; Number of registers using Synchronous Clear  ; 0     ;
; Number of registers using Synchronous Load   ; 0     ;
; Number of registers using Asynchronous Clear ; 8     ;
; Number of registers using Asynchronous Load  ; 0     ;
; Number of registers using Clock Enable       ; 0     ;
; Number of registers using Preset             ; 0     ;
+----------------------------------------------+-------+


+---------------------------------------------------------------------------------------------------------------------------------------------+
; Multiplexer Restructuring Statistics (Restructuring Performed)                                                                              ;
+--------------------+-----------+---------------+----------------------+------------------------+------------+-------------------------------+
; Multiplexer Inputs ; Bus Width ; Baseline Area ; Area if Restructured ; Saving if Restructured ; Registered ; Example Multiplexer Output    ;
+--------------------+-----------+---------------+----------------------+------------------------+------------+-------------------------------+
; 3:1                ; 2 bits    ; 4 LEs         ; 4 LEs                ; 0 LEs                  ; No         ; |g14_rotor_stepper|next_state ;
+--------------------+-----------+---------------+----------------------+------------------------+------------+-------------------------------+


+-----------------------------------------------------+
; Post-Synthesis Netlist Statistics for Top Partition ;
+-----------------------+-----------------------------+
; Type                  ; Count                       ;
+-----------------------+-----------------------------+
; arriav_ff             ; 8                           ;
;     CLR               ; 8                           ;
; arriav_lcell_comb     ; 23                          ;
;     normal            ; 23                          ;
;         2 data inputs ; 2                           ;
;         3 data inputs ; 17                          ;
;         4 data inputs ; 4                           ;
; boundary_port         ; 9                           ;
;                       ;                             ;
; Max LUT depth         ; 2.00                        ;
; Average LUT depth     ; 1.68                        ;
+-----------------------+-----------------------------+


+-------------------------------+
; Elapsed Time Per Partition    ;
+----------------+--------------+
; Partition Name ; Elapsed Time ;
+----------------+--------------+
; Top            ; 00:00:00     ;
+----------------+--------------+


+-------------------------------+
; Analysis & Synthesis Messages ;
+-------------------------------+
Info: *******************************************************************
Info: Running Quartus Prime Analysis & Synthesis
    Info: Version 15.1.0 Build 185 10/21/2015 SJ Lite Edition
    Info: Processing started: Tue Mar 22 21:06:14 2016
Info: Command: quartus_map --read_settings_files=on --write_settings_files=off g14_rotor_stepper -c g14_rotor_stepper
Info (20030): Parallel compilation is enabled and will use 2 of the 2 processors detected
Info (12021): Found 2 design units, including 1 entities, in source file g14_rotor_stepper.vhd
    Info (12022): Found design unit 1: g14_rotor_stepper-rotor_step File: C:/Users/user/Documents/GitHub/ecse-323/lab4/g14_rotor_stepper/g14_rotor_stepper.vhd Line: 20
    Info (12023): Found entity 1: g14_rotor_stepper File: C:/Users/user/Documents/GitHub/ecse-323/lab4/g14_rotor_stepper/g14_rotor_stepper.vhd Line: 7
Info (12127): Elaborating entity "g14_rotor_stepper" for the top level hierarchy
Warning (10631): VHDL Process Statement warning at g14_rotor_stepper.vhd(33): inferring latch(es) for signal or variable "load", which holds its previous value in one or more paths through the process File: C:/Users/user/Documents/GitHub/ecse-323/lab4/g14_rotor_stepper/g14_rotor_stepper.vhd Line: 33
Warning (10631): VHDL Process Statement warning at g14_rotor_stepper.vhd(33): inferring latch(es) for signal or variable "next_state", which holds its previous value in one or more paths through the process File: C:/Users/user/Documents/GitHub/ecse-323/lab4/g14_rotor_stepper/g14_rotor_stepper.vhd Line: 33
Warning (10631): VHDL Process Statement warning at g14_rotor_stepper.vhd(33): inferring latch(es) for signal or variable "en_r", which holds its previous value in one or more paths through the process File: C:/Users/user/Documents/GitHub/ecse-323/lab4/g14_rotor_stepper/g14_rotor_stepper.vhd Line: 33
Warning (10631): VHDL Process Statement warning at g14_rotor_stepper.vhd(33): inferring latch(es) for signal or variable "en_m", which holds its previous value in one or more paths through the process File: C:/Users/user/Documents/GitHub/ecse-323/lab4/g14_rotor_stepper/g14_rotor_stepper.vhd Line: 33
Warning (10631): VHDL Process Statement warning at g14_rotor_stepper.vhd(33): inferring latch(es) for signal or variable "en_l", which holds its previous value in one or more paths through the process File: C:/Users/user/Documents/GitHub/ecse-323/lab4/g14_rotor_stepper/g14_rotor_stepper.vhd Line: 33
Info (10041): Inferred latch for "en_l" at g14_rotor_stepper.vhd(33) File: C:/Users/user/Documents/GitHub/ecse-323/lab4/g14_rotor_stepper/g14_rotor_stepper.vhd Line: 33
Info (10041): Inferred latch for "en_m" at g14_rotor_stepper.vhd(33) File: C:/Users/user/Documents/GitHub/ecse-323/lab4/g14_rotor_stepper/g14_rotor_stepper.vhd Line: 33
Info (10041): Inferred latch for "en_r" at g14_rotor_stepper.vhd(33) File: C:/Users/user/Documents/GitHub/ecse-323/lab4/g14_rotor_stepper/g14_rotor_stepper.vhd Line: 33
Info (10041): Inferred latch for "next_state.s7" at g14_rotor_stepper.vhd(33) File: C:/Users/user/Documents/GitHub/ecse-323/lab4/g14_rotor_stepper/g14_rotor_stepper.vhd Line: 33
Info (10041): Inferred latch for "next_state.s6" at g14_rotor_stepper.vhd(33) File: C:/Users/user/Documents/GitHub/ecse-323/lab4/g14_rotor_stepper/g14_rotor_stepper.vhd Line: 33
Info (10041): Inferred latch for "next_state.s5" at g14_rotor_stepper.vhd(33) File: C:/Users/user/Documents/GitHub/ecse-323/lab4/g14_rotor_stepper/g14_rotor_stepper.vhd Line: 33
Info (10041): Inferred latch for "next_state.s4" at g14_rotor_stepper.vhd(33) File: C:/Users/user/Documents/GitHub/ecse-323/lab4/g14_rotor_stepper/g14_rotor_stepper.vhd Line: 33
Info (10041): Inferred latch for "next_state.s3" at g14_rotor_stepper.vhd(33) File: C:/Users/user/Documents/GitHub/ecse-323/lab4/g14_rotor_stepper/g14_rotor_stepper.vhd Line: 33
Info (10041): Inferred latch for "next_state.s2" at g14_rotor_stepper.vhd(33) File: C:/Users/user/Documents/GitHub/ecse-323/lab4/g14_rotor_stepper/g14_rotor_stepper.vhd Line: 33
Info (10041): Inferred latch for "next_state.s1" at g14_rotor_stepper.vhd(33) File: C:/Users/user/Documents/GitHub/ecse-323/lab4/g14_rotor_stepper/g14_rotor_stepper.vhd Line: 33
Info (10041): Inferred latch for "next_state.s0" at g14_rotor_stepper.vhd(33) File: C:/Users/user/Documents/GitHub/ecse-323/lab4/g14_rotor_stepper/g14_rotor_stepper.vhd Line: 33
Info (10041): Inferred latch for "load" at g14_rotor_stepper.vhd(33) File: C:/Users/user/Documents/GitHub/ecse-323/lab4/g14_rotor_stepper/g14_rotor_stepper.vhd Line: 33
Warning (13012): Latch en_l$latch has unsafe behavior File: C:/Users/user/Documents/GitHub/ecse-323/lab4/g14_rotor_stepper/g14_rotor_stepper.vhd Line: 33
    Warning (13013): Ports D and ENA on the latch are fed by the same signal current_state.s6 File: C:/Users/user/Documents/GitHub/ecse-323/lab4/g14_rotor_stepper/g14_rotor_stepper.vhd Line: 22
Warning (13012): Latch load$latch has unsafe behavior File: C:/Users/user/Documents/GitHub/ecse-323/lab4/g14_rotor_stepper/g14_rotor_stepper.vhd Line: 33
    Warning (13013): Ports D and ENA on the latch are fed by the same signal current_state.s1 File: C:/Users/user/Documents/GitHub/ecse-323/lab4/g14_rotor_stepper/g14_rotor_stepper.vhd Line: 22
Warning (13012): Latch next_state.s2_221 has unsafe behavior File: C:/Users/user/Documents/GitHub/ecse-323/lab4/g14_rotor_stepper/g14_rotor_stepper.vhd Line: 33
    Warning (13013): Ports D and ENA on the latch are fed by the same signal current_state.s1 File: C:/Users/user/Documents/GitHub/ecse-323/lab4/g14_rotor_stepper/g14_rotor_stepper.vhd Line: 22
Warning (13012): Latch next_state.s3_211 has unsafe behavior File: C:/Users/user/Documents/GitHub/ecse-323/lab4/g14_rotor_stepper/g14_rotor_stepper.vhd Line: 33
    Warning (13013): Ports D and ENA on the latch are fed by the same signal current_state.s2 File: C:/Users/user/Documents/GitHub/ecse-323/lab4/g14_rotor_stepper/g14_rotor_stepper.vhd Line: 22
Info (286030): Timing-Driven Synthesis is running
Info (16010): Generating hard_block partition "hard_block:auto_generated_inst"
    Info (16011): Adding 0 node(s), including 0 DDIO, 0 PLL, 0 transceiver and 0 LCELL
Info (21057): Implemented 40 device resources after synthesis - the final resource count might be different
    Info (21058): Implemented 5 input pins
    Info (21059): Implemented 4 output pins
    Info (21061): Implemented 31 logic cells
Info: Quartus Prime Analysis & Synthesis was successful. 0 errors, 13 warnings
    Info: Peak virtual memory: 908 megabytes
    Info: Processing ended: Tue Mar 22 21:06:31 2016
    Info: Elapsed time: 00:00:17
    Info: Total CPU time (on all processors): 00:00:32


