Flow report for g14_lab2
Thu Feb 11 15:35:33 2016
Quartus II 64-Bit Version 13.0.0 Build 156 04/24/2013 SJ Web Edition


---------------------
; Table of Contents ;
---------------------
  1. Legal Notice
  2. Flow Summary
  3. Flow Settings
  4. Flow Non-Default Global Settings
  5. Flow Elapsed Time
  6. Flow OS Summary
  7. Flow Log
  8. Flow Messages
  9. Flow Suppressed Messages



----------------
; Legal Notice ;
----------------
Copyright (C) 1991-2013 Altera Corporation
Your use of Altera Corporation's design tools, logic functions 
and other software and tools, and its AMPP partner logic 
functions, and any output files from any of the foregoing 
(including device programming or simulation files), and any 
associated documentation or information are expressly subject 
to the terms and conditions of the Altera Program License 
Subscription Agreement, Altera MegaCore Function License 
Agreement, or other applicable license agreement, including, 
without limitation, that your use is for the sole purpose of 
programming logic devices manufactured by Altera and sold by 
Altera or its authorized distributors.  Please refer to the 
applicable agreement for further details.



+---------------------------------------------------------------------------------+
; Flow Summary                                                                    ;
+------------------------------------+--------------------------------------------+
; Flow Status                        ; Successful - Thu Feb 11 15:35:33 2016      ;
; Quartus II 64-Bit Version          ; 13.0.0 Build 156 04/24/2013 SJ Web Edition ;
; Revision Name                      ; g14_lab2                                   ;
; Top-level Entity Name              ; g14_26_5_encoder                           ;
; Family                             ; Cyclone II                                 ;
; Device                             ; EP2C20F484C7                               ;
; Timing Models                      ; Final                                      ;
; Total logic elements               ; 33 / 18,752 ( < 1 % )                      ;
;     Total combinational functions  ; 33 / 18,752 ( < 1 % )                      ;
;     Dedicated logic registers      ; 0 / 18,752 ( 0 % )                         ;
; Total registers                    ; 0                                          ;
; Total pins                         ; 32 / 315 ( 10 % )                          ;
; Total virtual pins                 ; 0                                          ;
; Total memory bits                  ; 0 / 239,616 ( 0 % )                        ;
; Embedded Multiplier 9-bit elements ; 0 / 52 ( 0 % )                             ;
; Total PLLs                         ; 0 / 4 ( 0 % )                              ;
+------------------------------------+--------------------------------------------+


+-----------------------------------------+
; Flow Settings                           ;
+-------------------+---------------------+
; Option            ; Setting             ;
+-------------------+---------------------+
; Start date & time ; 02/11/2016 15:30:05 ;
; Main task         ; Compilation         ;
; Revision Name     ; g14_lab2            ;
+-------------------+---------------------+


+---------------------------------------------------------------------------------------------------------------------------+
; Flow Non-Default Global Settings                                                                                          ;
+-------------------------------------+---------------------------------+---------------+------------------+----------------+
; Assignment Name                     ; Value                           ; Default Value ; Entity Name      ; Section Id     ;
+-------------------------------------+---------------------------------+---------------+------------------+----------------+
; COMPILER_SIGNATURE_ID               ; 147584938337624.145522260507384 ; --            ; --               ; --             ;
; EDA_OUTPUT_DATA_FORMAT              ; Vhdl                            ; --            ; --               ; eda_simulation ;
; EDA_SIMULATION_TOOL                 ; ModelSim-Altera (VHDL)          ; <None>        ; --               ; --             ;
; MAX_CORE_JUNCTION_TEMP              ; 85                              ; --            ; --               ; --             ;
; MIN_CORE_JUNCTION_TEMP              ; 0                               ; --            ; --               ; --             ;
; PARTITION_COLOR                     ; 16764057                        ; --            ; g14_26_5_encoder ; Top            ;
; PARTITION_FITTER_PRESERVATION_LEVEL ; PLACEMENT_AND_ROUTING           ; --            ; g14_26_5_encoder ; Top            ;
; PARTITION_NETLIST_TYPE              ; SOURCE                          ; --            ; g14_26_5_encoder ; Top            ;
; PROJECT_OUTPUT_DIRECTORY            ; output_files                    ; --            ; --               ; --             ;
; TOP_LEVEL_ENTITY                    ; g14_26_5_encoder                ; g14_lab2      ; --               ; --             ;
+-------------------------------------+---------------------------------+---------------+------------------+----------------+


+-------------------------------------------------------------------------------------------------------------------------------+
; Flow Elapsed Time                                                                                                             ;
+---------------------------+--------------+-------------------------+---------------------+------------------------------------+
; Module Name               ; Elapsed Time ; Average Processors Used ; Peak Virtual Memory ; Total CPU Time (on all processors) ;
+---------------------------+--------------+-------------------------+---------------------+------------------------------------+
; Analysis & Synthesis      ; 00:00:02     ; 1.0                     ; 512 MB              ; 00:00:02                           ;
; Fitter                    ; 00:00:05     ; 1.0                     ; 718 MB              ; 00:00:05                           ;
; Assembler                 ; 00:00:02     ; 1.0                     ; 434 MB              ; 00:00:02                           ;
; TimeQuest Timing Analyzer ; 00:00:06     ; 1.0                     ; 422 MB              ; 00:00:01                           ;
; EDA Netlist Writer        ; 00:00:01     ; 1.0                     ; 394 MB              ; 00:00:01                           ;
; EDA Netlist Writer        ; 00:00:01     ; 1.0                     ; 406 MB              ; 00:00:01                           ;
; EDA Netlist Writer        ; 00:00:00     ; 1.0                     ; 406 MB              ; 00:00:01                           ;
; Total                     ; 00:00:17     ; --                      ; --                  ; 00:00:13                           ;
+---------------------------+--------------+-------------------------+---------------------+------------------------------------+


+----------------------------------------------------------------------------------------+
; Flow OS Summary                                                                        ;
+---------------------------+------------------+-----------+------------+----------------+
; Module Name               ; Machine Hostname ; OS Name   ; OS Version ; Processor type ;
+---------------------------+------------------+-----------+------------+----------------+
; Analysis & Synthesis      ; Jo-PC            ; Windows 7 ; 6.2        ; x86_64         ;
; Fitter                    ; Jo-PC            ; Windows 7 ; 6.2        ; x86_64         ;
; Assembler                 ; Jo-PC            ; Windows 7 ; 6.2        ; x86_64         ;
; TimeQuest Timing Analyzer ; Jo-PC            ; Windows 7 ; 6.2        ; x86_64         ;
; EDA Netlist Writer        ; Jo-PC            ; Windows 7 ; 6.2        ; x86_64         ;
; EDA Netlist Writer        ; Jo-PC            ; Windows 7 ; 6.2        ; x86_64         ;
; EDA Netlist Writer        ; Jo-PC            ; Windows 7 ; 6.2        ; x86_64         ;
+---------------------------+------------------+-----------+------------+----------------+


------------
; Flow Log ;
------------
quartus_map --read_settings_files=on --write_settings_files=off g14_26_5_encoder -c g14_lab2
quartus_fit --read_settings_files=off --write_settings_files=off g14_26_5_encoder -c g14_lab2
quartus_asm --read_settings_files=off --write_settings_files=off g14_26_5_encoder -c g14_lab2
quartus_sta g14_26_5_encoder -c g14_lab2
quartus_eda --read_settings_files=off --write_settings_files=off g14_26_5_encoder -c g14_lab2
quartus_eda --read_settings_files=on --write_settings_files=off g14_26_5_encoder -c g14_lab2 --gen_testbench
quartus_eda --read_settings_files=on --write_settings_files=off g14_26_5_encoder -c g14_lab2 --gen_testbench



