TimeQuest Timing Analyzer report for enigma
Thu Apr 07 00:55:23 2016
Quartus Prime Version 15.1.0 Build 185 10/21/2015 SJ Lite Edition


---------------------
; Table of Contents ;
---------------------
  1. Legal Notice
  2. TimeQuest Timing Analyzer Summary
  3. Parallel Compilation
  4. Clocks
  5. Slow 1100mV 85C Model Fmax Summary
  6. Timing Closure Recommendations
  7. Slow 1100mV 85C Model Setup Summary
  8. Slow 1100mV 85C Model Hold Summary
  9. Slow 1100mV 85C Model Recovery Summary
 10. Slow 1100mV 85C Model Removal Summary
 11. Slow 1100mV 85C Model Minimum Pulse Width Summary
 12. Slow 1100mV 85C Model Metastability Summary
 13. Slow 1100mV 0C Model Fmax Summary
 14. Slow 1100mV 0C Model Setup Summary
 15. Slow 1100mV 0C Model Hold Summary
 16. Slow 1100mV 0C Model Recovery Summary
 17. Slow 1100mV 0C Model Removal Summary
 18. Slow 1100mV 0C Model Minimum Pulse Width Summary
 19. Slow 1100mV 0C Model Metastability Summary
 20. Fast 1100mV 85C Model Setup Summary
 21. Fast 1100mV 85C Model Hold Summary
 22. Fast 1100mV 85C Model Recovery Summary
 23. Fast 1100mV 85C Model Removal Summary
 24. Fast 1100mV 85C Model Minimum Pulse Width Summary
 25. Fast 1100mV 85C Model Metastability Summary
 26. Fast 1100mV 0C Model Setup Summary
 27. Fast 1100mV 0C Model Hold Summary
 28. Fast 1100mV 0C Model Recovery Summary
 29. Fast 1100mV 0C Model Removal Summary
 30. Fast 1100mV 0C Model Minimum Pulse Width Summary
 31. Fast 1100mV 0C Model Metastability Summary
 32. Multicorner Timing Analysis Summary
 33. Board Trace Model Assignments
 34. Input Transition Times
 35. Signal Integrity Metrics (Slow 1100mv 0c Model)
 36. Signal Integrity Metrics (Slow 1100mv 85c Model)
 37. Signal Integrity Metrics (Fast 1100mv 0c Model)
 38. Signal Integrity Metrics (Fast 1100mv 85c Model)
 39. Setup Transfers
 40. Hold Transfers
 41. Recovery Transfers
 42. Removal Transfers
 43. Report TCCS
 44. Report RSKM
 45. Unconstrained Paths Summary
 46. Clock Status Summary
 47. Unconstrained Input Ports
 48. Unconstrained Output Ports
 49. Unconstrained Input Ports
 50. Unconstrained Output Ports
 51. TimeQuest Timing Analyzer Messages



----------------
; Legal Notice ;
----------------
Copyright (C) 1991-2015 Altera Corporation. All rights reserved.
Your use of Altera Corporation's design tools, logic functions 
and other software and tools, and its AMPP partner logic 
functions, and any output files from any of the foregoing 
(including device programming or simulation files), and any 
associated documentation or information are expressly subject 
to the terms and conditions of the Altera Program License 
Subscription Agreement, the Altera Quartus Prime License Agreement,
the Altera MegaCore Function License Agreement, or other 
applicable license agreement, including, without limitation, 
that your use is for the sole purpose of programming logic 
devices manufactured by Altera and sold by Altera or its 
authorized distributors.  Please refer to the applicable 
agreement for further details.



+-----------------------------------------------------------------------------+
; TimeQuest Timing Analyzer Summary                                           ;
+-----------------------+-----------------------------------------------------+
; Quartus Prime Version ; Version 15.1.0 Build 185 10/21/2015 SJ Lite Edition ;
; Timing Analyzer       ; TimeQuest                                           ;
; Revision Name         ; enigma                                              ;
; Device Family         ; Cyclone V                                           ;
; Device Name           ; 5CSEMA5F31C6                                        ;
; Timing Models         ; Final                                               ;
; Delay Model           ; Combined                                            ;
; Rise/Fall Delays      ; Enabled                                             ;
+-----------------------+-----------------------------------------------------+


+------------------------------------------+
; Parallel Compilation                     ;
+----------------------------+-------------+
; Processors                 ; Number      ;
+----------------------------+-------------+
; Number detected on machine ; 4           ;
; Maximum allowed            ; 2           ;
;                            ;             ;
; Average used               ; 1.60        ;
; Maximum used               ; 2           ;
;                            ;             ;
; Usage by Processor         ; % Time Used ;
;     Processor 1            ; 100.0%      ;
;     Processor 2            ;  60.0%      ;
+----------------------------+-------------+


+------------------------------------------------------------------------------------------------------------------------------------------------------------------------------------------------------------------------------------------------------------+
; Clocks                                                                                                                                                                                                                                                     ;
+----------------------------------------------+------+--------+------------+-------+-------+------------+-----------+-------------+-------+--------+-----------+------------+----------+--------+--------+--------------------------------------------------+
; Clock Name                                   ; Type ; Period ; Frequency  ; Rise  ; Fall  ; Duty Cycle ; Divide by ; Multiply by ; Phase ; Offset ; Edge List ; Edge Shift ; Inverted ; Master ; Source ; Targets                                          ;
+----------------------------------------------+------+--------+------------+-------+-------+------------+-----------+-------------+-------+--------+-----------+------------+----------+--------+--------+--------------------------------------------------+
; clock                                        ; Base ; 1.000  ; 1000.0 MHz ; 0.000 ; 0.500 ;            ;           ;             ;       ;        ;           ;            ;          ;        ;        ; { clock }                                        ;
; g14_rotor_stepper_fsm:rotor_stepper|state.s0 ; Base ; 1.000  ; 1000.0 MHz ; 0.000 ; 0.500 ;            ;           ;             ;       ;        ;           ;            ;          ;        ;        ; { g14_rotor_stepper_fsm:rotor_stepper|state.s0 } ;
+----------------------------------------------+------+--------+------------+-------+-------+------------+-----------+-------------+-------+--------+-----------+------------+----------+--------+--------+--------------------------------------------------+


+--------------------------------------------------+
; Slow 1100mV 85C Model Fmax Summary               ;
+------------+-----------------+------------+------+
; Fmax       ; Restricted Fmax ; Clock Name ; Note ;
+------------+-----------------+------------+------+
; 102.31 MHz ; 102.31 MHz      ; clock      ;      ;
+------------+-----------------+------------+------+
This panel reports FMAX for every clock in the design, regardless of the user-specified clock periods.  FMAX is only computed for paths where the source and destination registers or ports are driven by the same clock.  Paths of different clocks, including generated clocks, are ignored.  For paths between a clock and its inversion, FMAX is computed as if the rising and falling edges are scaled along with FMAX, such that the duty cycle (in terms of a percentage) is maintained. Altera recommends that you always use clock constraints and other slack reports for sign-off analysis.


----------------------------------
; Timing Closure Recommendations ;
----------------------------------
HTML report is unavailable in plain text report export.


+-------------------------------------+
; Slow 1100mV 85C Model Setup Summary ;
+-------+--------+--------------------+
; Clock ; Slack  ; End Point TNS      ;
+-------+--------+--------------------+
; clock ; -5.634 ; -85.721            ;
+-------+--------+--------------------+


+------------------------------------+
; Slow 1100mV 85C Model Hold Summary ;
+-------+-------+--------------------+
; Clock ; Slack ; End Point TNS      ;
+-------+-------+--------------------+
; clock ; 0.223 ; 0.000              ;
+-------+-------+--------------------+


+----------------------------------------+
; Slow 1100mV 85C Model Recovery Summary ;
+-------+--------+-----------------------+
; Clock ; Slack  ; End Point TNS         ;
+-------+--------+-----------------------+
; clock ; -2.842 ; -42.093               ;
+-------+--------+-----------------------+


+---------------------------------------+
; Slow 1100mV 85C Model Removal Summary ;
+-------+-------+-----------------------+
; Clock ; Slack ; End Point TNS         ;
+-------+-------+-----------------------+
; clock ; 1.842 ; 0.000                 ;
+-------+-------+-----------------------+


+-----------------------------------------------------------------------+
; Slow 1100mV 85C Model Minimum Pulse Width Summary                     ;
+----------------------------------------------+--------+---------------+
; Clock                                        ; Slack  ; End Point TNS ;
+----------------------------------------------+--------+---------------+
; clock                                        ; -0.394 ; -12.762       ;
; g14_rotor_stepper_fsm:rotor_stepper|state.s0 ; 0.251  ; 0.000         ;
+----------------------------------------------+--------+---------------+


-----------------------------------------------
; Slow 1100mV 85C Model Metastability Summary ;
-----------------------------------------------
No synchronizer chains to report.


+--------------------------------------------------+
; Slow 1100mV 0C Model Fmax Summary                ;
+------------+-----------------+------------+------+
; Fmax       ; Restricted Fmax ; Clock Name ; Note ;
+------------+-----------------+------------+------+
; 107.71 MHz ; 107.71 MHz      ; clock      ;      ;
+------------+-----------------+------------+------+
This panel reports FMAX for every clock in the design, regardless of the user-specified clock periods.  FMAX is only computed for paths where the source and destination registers or ports are driven by the same clock.  Paths of different clocks, including generated clocks, are ignored.  For paths between a clock and its inversion, FMAX is computed as if the rising and falling edges are scaled along with FMAX, such that the duty cycle (in terms of a percentage) is maintained. Altera recommends that you always use clock constraints and other slack reports for sign-off analysis.


+------------------------------------+
; Slow 1100mV 0C Model Setup Summary ;
+-------+--------+-------------------+
; Clock ; Slack  ; End Point TNS     ;
+-------+--------+-------------------+
; clock ; -5.420 ; -82.042           ;
+-------+--------+-------------------+


+-----------------------------------+
; Slow 1100mV 0C Model Hold Summary ;
+-------+-------+-------------------+
; Clock ; Slack ; End Point TNS     ;
+-------+-------+-------------------+
; clock ; 0.207 ; 0.000             ;
+-------+-------+-------------------+


+---------------------------------------+
; Slow 1100mV 0C Model Recovery Summary ;
+-------+--------+----------------------+
; Clock ; Slack  ; End Point TNS        ;
+-------+--------+----------------------+
; clock ; -2.592 ; -38.135              ;
+-------+--------+----------------------+


+--------------------------------------+
; Slow 1100mV 0C Model Removal Summary ;
+-------+-------+----------------------+
; Clock ; Slack ; End Point TNS        ;
+-------+-------+----------------------+
; clock ; 1.609 ; 0.000                ;
+-------+-------+----------------------+


+-----------------------------------------------------------------------+
; Slow 1100mV 0C Model Minimum Pulse Width Summary                      ;
+----------------------------------------------+--------+---------------+
; Clock                                        ; Slack  ; End Point TNS ;
+----------------------------------------------+--------+---------------+
; clock                                        ; -0.394 ; -14.632       ;
; g14_rotor_stepper_fsm:rotor_stepper|state.s0 ; 0.288  ; 0.000         ;
+----------------------------------------------+--------+---------------+


----------------------------------------------
; Slow 1100mV 0C Model Metastability Summary ;
----------------------------------------------
No synchronizer chains to report.


+-------------------------------------+
; Fast 1100mV 85C Model Setup Summary ;
+-------+--------+--------------------+
; Clock ; Slack  ; End Point TNS      ;
+-------+--------+--------------------+
; clock ; -3.741 ; -52.968            ;
+-------+--------+--------------------+


+------------------------------------+
; Fast 1100mV 85C Model Hold Summary ;
+-------+-------+--------------------+
; Clock ; Slack ; End Point TNS      ;
+-------+-------+--------------------+
; clock ; 0.133 ; 0.000              ;
+-------+-------+--------------------+


+----------------------------------------+
; Fast 1100mV 85C Model Recovery Summary ;
+-------+--------+-----------------------+
; Clock ; Slack  ; End Point TNS         ;
+-------+--------+-----------------------+
; clock ; -1.793 ; -26.091               ;
+-------+--------+-----------------------+


+---------------------------------------+
; Fast 1100mV 85C Model Removal Summary ;
+-------+-------+-----------------------+
; Clock ; Slack ; End Point TNS         ;
+-------+-------+-----------------------+
; clock ; 1.318 ; 0.000                 ;
+-------+-------+-----------------------+


+-----------------------------------------------------------------------+
; Fast 1100mV 85C Model Minimum Pulse Width Summary                     ;
+----------------------------------------------+--------+---------------+
; Clock                                        ; Slack  ; End Point TNS ;
+----------------------------------------------+--------+---------------+
; clock                                        ; -0.075 ; -1.262        ;
; g14_rotor_stepper_fsm:rotor_stepper|state.s0 ; 0.277  ; 0.000         ;
+----------------------------------------------+--------+---------------+


-----------------------------------------------
; Fast 1100mV 85C Model Metastability Summary ;
-----------------------------------------------
No synchronizer chains to report.


+------------------------------------+
; Fast 1100mV 0C Model Setup Summary ;
+-------+--------+-------------------+
; Clock ; Slack  ; End Point TNS     ;
+-------+--------+-------------------+
; clock ; -3.026 ; -42.908           ;
+-------+--------+-------------------+


+-----------------------------------+
; Fast 1100mV 0C Model Hold Summary ;
+-------+-------+-------------------+
; Clock ; Slack ; End Point TNS     ;
+-------+-------+-------------------+
; clock ; 0.119 ; 0.000             ;
+-------+-------+-------------------+


+---------------------------------------+
; Fast 1100mV 0C Model Recovery Summary ;
+-------+--------+----------------------+
; Clock ; Slack  ; End Point TNS        ;
+-------+--------+----------------------+
; clock ; -1.235 ; -17.853              ;
+-------+--------+----------------------+


+--------------------------------------+
; Fast 1100mV 0C Model Removal Summary ;
+-------+-------+----------------------+
; Clock ; Slack ; End Point TNS        ;
+-------+-------+----------------------+
; clock ; 0.952 ; 0.000                ;
+-------+-------+----------------------+


+-----------------------------------------------------------------------+
; Fast 1100mV 0C Model Minimum Pulse Width Summary                      ;
+----------------------------------------------+--------+---------------+
; Clock                                        ; Slack  ; End Point TNS ;
+----------------------------------------------+--------+---------------+
; clock                                        ; -0.077 ; -1.663        ;
; g14_rotor_stepper_fsm:rotor_stepper|state.s0 ; 0.310  ; 0.000         ;
+----------------------------------------------+--------+---------------+


----------------------------------------------
; Fast 1100mV 0C Model Metastability Summary ;
----------------------------------------------
No synchronizer chains to report.


+------------------------------------------------------------------------------------------------------------+
; Multicorner Timing Analysis Summary                                                                        ;
+-----------------------------------------------+---------+-------+----------+---------+---------------------+
; Clock                                         ; Setup   ; Hold  ; Recovery ; Removal ; Minimum Pulse Width ;
+-----------------------------------------------+---------+-------+----------+---------+---------------------+
; Worst-case Slack                              ; -5.634  ; 0.119 ; -2.842   ; 0.952   ; -0.394              ;
;  clock                                        ; -5.634  ; 0.119 ; -2.842   ; 0.952   ; -0.394              ;
;  g14_rotor_stepper_fsm:rotor_stepper|state.s0 ; N/A     ; N/A   ; N/A      ; N/A     ; 0.251               ;
; Design-wide TNS                               ; -85.721 ; 0.0   ; -42.093  ; 0.0     ; -14.632             ;
;  clock                                        ; -85.721 ; 0.000 ; -42.093  ; 0.000   ; -14.632             ;
;  g14_rotor_stepper_fsm:rotor_stepper|state.s0 ; N/A     ; N/A   ; N/A      ; N/A     ; 0.000               ;
+-----------------------------------------------+---------+-------+----------+---------+---------------------+


+-------------------------------------------------------------------------------------------------------------------------------------------------------------------------------------------------------------------------------------------------------------------------------------------------------------------------------------------------------------------------------------------------------------------+
; Board Trace Model Assignments                                                                                                                                                                                                                                                                                                                                                                                     ;
+----------------+--------------+-------------------+-------------------------+-------------------------+---------------+---------------------+----------------+------------------+--------+------------------+------------------------+------------------------+--------------+---------------+-----------------+-------+---------------------+--------------------+---------------+-----------------+-------------+
; Pin            ; I/O Standard ; Near Tline Length ; Near Tline L per Length ; Near Tline C per Length ; Near Series R ; Near Differential R ; Near Pull-up R ; Near Pull-down R ; Near C ; Far Tline Length ; Far Tline L per Length ; Far Tline C per Length ; Far Series R ; Far Pull-up R ; Far Pull-down R ; Far C ; Termination Voltage ; Far Differential R ; EBD File Name ; EBD Signal Name ; EBD Far-end ;
+----------------+--------------+-------------------+-------------------------+-------------------------+---------------+---------------------+----------------+------------------+--------+------------------+------------------------+------------------------+--------------+---------------+-----------------+-------+---------------------+--------------------+---------------+-----------------+-------------+
; output_code[0] ; 2.5 V        ; 0 in              ; 0 H/in                  ; 0 F/in                  ; short         ; -                   ; open           ; open             ; open   ; 0 in             ; 0 H/in                 ; 0 F/in                 ; short        ; open          ; open            ; open  ; 0 V                 ; -                  ; n/a           ; n/a             ; n/a         ;
; output_code[1] ; 2.5 V        ; 0 in              ; 0 H/in                  ; 0 F/in                  ; short         ; -                   ; open           ; open             ; open   ; 0 in             ; 0 H/in                 ; 0 F/in                 ; short        ; open          ; open            ; open  ; 0 V                 ; -                  ; n/a           ; n/a             ; n/a         ;
; output_code[2] ; 2.5 V        ; 0 in              ; 0 H/in                  ; 0 F/in                  ; short         ; -                   ; open           ; open             ; open   ; 0 in             ; 0 H/in                 ; 0 F/in                 ; short        ; open          ; open            ; open  ; 0 V                 ; -                  ; n/a           ; n/a             ; n/a         ;
; output_code[3] ; 2.5 V        ; 0 in              ; 0 H/in                  ; 0 F/in                  ; short         ; -                   ; open           ; open             ; open   ; 0 in             ; 0 H/in                 ; 0 F/in                 ; short        ; open          ; open            ; open  ; 0 V                 ; -                  ; n/a           ; n/a             ; n/a         ;
; output_code[4] ; 2.5 V        ; 0 in              ; 0 H/in                  ; 0 F/in                  ; short         ; -                   ; open           ; open             ; open   ; 0 in             ; 0 H/in                 ; 0 F/in                 ; short        ; open          ; open            ; open  ; 0 V                 ; -                  ; n/a           ; n/a             ; n/a         ;
+----------------+--------------+-------------------+-------------------------+-------------------------+---------------+---------------------+----------------+------------------+--------+------------------+------------------------+------------------------+--------------+---------------+-----------------+-------+---------------------+--------------------+---------------+-----------------+-------------+


+-----------------------------------------------------------------------+
; Input Transition Times                                                ;
+--------------------+--------------+-----------------+-----------------+
; Pin                ; I/O Standard ; 10-90 Rise Time ; 90-10 Fall Time ;
+--------------------+--------------+-----------------+-----------------+
; directions_r[3]    ; 2.5 V        ; 2000 ps         ; 2000 ps         ;
; ring_setting_r[3]  ; 2.5 V        ; 2000 ps         ; 2000 ps         ;
; ring_setting_r[4]  ; 2.5 V        ; 2000 ps         ; 2000 ps         ;
; ring_setting_r[1]  ; 2.5 V        ; 2000 ps         ; 2000 ps         ;
; ring_setting_r[2]  ; 2.5 V        ; 2000 ps         ; 2000 ps         ;
; directions_r[2]    ; 2.5 V        ; 2000 ps         ; 2000 ps         ;
; directions_r[1]    ; 2.5 V        ; 2000 ps         ; 2000 ps         ;
; directions_r[0]    ; 2.5 V        ; 2000 ps         ; 2000 ps         ;
; directions_m[3]    ; 2.5 V        ; 2000 ps         ; 2000 ps         ;
; ring_setting_m[3]  ; 2.5 V        ; 2000 ps         ; 2000 ps         ;
; ring_setting_m[4]  ; 2.5 V        ; 2000 ps         ; 2000 ps         ;
; ring_setting_m[1]  ; 2.5 V        ; 2000 ps         ; 2000 ps         ;
; ring_setting_m[2]  ; 2.5 V        ; 2000 ps         ; 2000 ps         ;
; directions_m[2]    ; 2.5 V        ; 2000 ps         ; 2000 ps         ;
; directions_m[1]    ; 2.5 V        ; 2000 ps         ; 2000 ps         ;
; directions_m[0]    ; 2.5 V        ; 2000 ps         ; 2000 ps         ;
; directions_l[3]    ; 2.5 V        ; 2000 ps         ; 2000 ps         ;
; ring_setting_l[3]  ; 2.5 V        ; 2000 ps         ; 2000 ps         ;
; ring_setting_l[4]  ; 2.5 V        ; 2000 ps         ; 2000 ps         ;
; ring_setting_l[1]  ; 2.5 V        ; 2000 ps         ; 2000 ps         ;
; ring_setting_l[2]  ; 2.5 V        ; 2000 ps         ; 2000 ps         ;
; directions_l[2]    ; 2.5 V        ; 2000 ps         ; 2000 ps         ;
; directions_l[1]    ; 2.5 V        ; 2000 ps         ; 2000 ps         ;
; directions_l[0]    ; 2.5 V        ; 2000 ps         ; 2000 ps         ;
; rotor_type_l[0]    ; 2.5 V        ; 2000 ps         ; 2000 ps         ;
; ring_setting_m[0]  ; 2.5 V        ; 2000 ps         ; 2000 ps         ;
; rotor_type_m[1]    ; 2.5 V        ; 2000 ps         ; 2000 ps         ;
; ring_setting_r[0]  ; 2.5 V        ; 2000 ps         ; 2000 ps         ;
; rotor_type_r[1]    ; 2.5 V        ; 2000 ps         ; 2000 ps         ;
; input_code[4]      ; 2.5 V        ; 2000 ps         ; 2000 ps         ;
; input_code[1]      ; 2.5 V        ; 2000 ps         ; 2000 ps         ;
; input_code[2]      ; 2.5 V        ; 2000 ps         ; 2000 ps         ;
; input_code[3]      ; 2.5 V        ; 2000 ps         ; 2000 ps         ;
; input_code[0]      ; 2.5 V        ; 2000 ps         ; 2000 ps         ;
; rotor_type_r[0]    ; 2.5 V        ; 2000 ps         ; 2000 ps         ;
; rotor_type_m[0]    ; 2.5 V        ; 2000 ps         ; 2000 ps         ;
; ring_setting_l[0]  ; 2.5 V        ; 2000 ps         ; 2000 ps         ;
; rotor_type_l[1]    ; 2.5 V        ; 2000 ps         ; 2000 ps         ;
; reflector_type     ; 2.5 V        ; 2000 ps         ; 2000 ps         ;
; rotor_ini_pos_r[1] ; 2.5 V        ; 2000 ps         ; 2000 ps         ;
; rotor_ini_pos_r[2] ; 2.5 V        ; 2000 ps         ; 2000 ps         ;
; rotor_ini_pos_r[3] ; 2.5 V        ; 2000 ps         ; 2000 ps         ;
; rotor_ini_pos_r[4] ; 2.5 V        ; 2000 ps         ; 2000 ps         ;
; rotor_ini_pos_m[1] ; 2.5 V        ; 2000 ps         ; 2000 ps         ;
; rotor_ini_pos_m[2] ; 2.5 V        ; 2000 ps         ; 2000 ps         ;
; rotor_ini_pos_m[3] ; 2.5 V        ; 2000 ps         ; 2000 ps         ;
; rotor_ini_pos_m[4] ; 2.5 V        ; 2000 ps         ; 2000 ps         ;
; rotor_ini_pos_l[1] ; 2.5 V        ; 2000 ps         ; 2000 ps         ;
; rotor_ini_pos_l[2] ; 2.5 V        ; 2000 ps         ; 2000 ps         ;
; rotor_ini_pos_l[3] ; 2.5 V        ; 2000 ps         ; 2000 ps         ;
; rotor_ini_pos_l[4] ; 2.5 V        ; 2000 ps         ; 2000 ps         ;
; rotor_ini_pos_l[0] ; 2.5 V        ; 2000 ps         ; 2000 ps         ;
; rotor_ini_pos_r[0] ; 2.5 V        ; 2000 ps         ; 2000 ps         ;
; rotor_ini_pos_m[0] ; 2.5 V        ; 2000 ps         ; 2000 ps         ;
; clock              ; 2.5 V        ; 2000 ps         ; 2000 ps         ;
; reset              ; 2.5 V        ; 2000 ps         ; 2000 ps         ;
; keypress           ; 2.5 V        ; 2000 ps         ; 2000 ps         ;
+--------------------+--------------+-----------------+-----------------+


+---------------------------------------------------------------------------------------------------------------------------------------------------------------------------------------------------------------------------------------------------------------------------------------------------------------------------------------------------------------------------------------------------------------------------------------------------------------------------------------------------------------------------------------------------------------------------------------------------------------------------------------------------------------------------------------------+
; Signal Integrity Metrics (Slow 1100mv 0c Model)                                                                                                                                                                                                                                                                                                                                                                                                                                                                                                                                                                                                                                             ;
+----------------+--------------+---------------------+---------------------+------------------------------+------------------------------+---------------------+---------------------+--------------------------------------+--------------------------------------+-----------------------------+-----------------------------+----------------------------+----------------------------+-----------------------------+-----------------------------+--------------------+--------------------+-------------------------------------+-------------------------------------+----------------------------+----------------------------+---------------------------+---------------------------+
; Pin            ; I/O Standard ; Board Delay on Rise ; Board Delay on Fall ; Steady State Voh at FPGA Pin ; Steady State Vol at FPGA Pin ; Voh Max at FPGA Pin ; Vol Min at FPGA Pin ; Ringback Voltage on Rise at FPGA Pin ; Ringback Voltage on Fall at FPGA Pin ; 10-90 Rise Time at FPGA Pin ; 90-10 Fall Time at FPGA Pin ; Monotonic Rise at FPGA Pin ; Monotonic Fall at FPGA Pin ; Steady State Voh at Far-end ; Steady State Vol at Far-end ; Voh Max at Far-end ; Vol Min at Far-end ; Ringback Voltage on Rise at Far-end ; Ringback Voltage on Fall at Far-end ; 10-90 Rise Time at Far-end ; 90-10 Fall Time at Far-end ; Monotonic Rise at Far-end ; Monotonic Fall at Far-end ;
+----------------+--------------+---------------------+---------------------+------------------------------+------------------------------+---------------------+---------------------+--------------------------------------+--------------------------------------+-----------------------------+-----------------------------+----------------------------+----------------------------+-----------------------------+-----------------------------+--------------------+--------------------+-------------------------------------+-------------------------------------+----------------------------+----------------------------+---------------------------+---------------------------+
; output_code[0] ; 2.5 V        ; 0 s                 ; 0 s                 ; 2.32 V                       ; 3.52e-07 V                   ; 2.42 V              ; -0.0557 V           ; 0.175 V                              ; 0.114 V                              ; 4.5e-10 s                   ; 4.35e-10 s                  ; No                         ; No                         ; 2.32 V                      ; 3.52e-07 V                  ; 2.42 V             ; -0.0557 V          ; 0.175 V                             ; 0.114 V                             ; 4.5e-10 s                  ; 4.35e-10 s                 ; No                        ; No                        ;
; output_code[1] ; 2.5 V        ; 0 s                 ; 0 s                 ; 2.32 V                       ; 3.52e-07 V                   ; 2.42 V              ; -0.0568 V           ; 0.173 V                              ; 0.113 V                              ; 4.5e-10 s                   ; 4.35e-10 s                  ; No                         ; No                         ; 2.32 V                      ; 3.52e-07 V                  ; 2.42 V             ; -0.0568 V          ; 0.173 V                             ; 0.113 V                             ; 4.5e-10 s                  ; 4.35e-10 s                 ; No                        ; No                        ;
; output_code[2] ; 2.5 V        ; 0 s                 ; 0 s                 ; 2.32 V                       ; 3.07e-07 V                   ; 2.36 V              ; -0.0231 V           ; 0.14 V                               ; 0.089 V                              ; 4.52e-10 s                  ; 4.35e-10 s                  ; No                         ; Yes                        ; 2.32 V                      ; 3.07e-07 V                  ; 2.36 V             ; -0.0231 V          ; 0.14 V                              ; 0.089 V                             ; 4.52e-10 s                 ; 4.35e-10 s                 ; No                        ; Yes                       ;
; output_code[3] ; 2.5 V        ; 0 s                 ; 0 s                 ; 2.32 V                       ; 3.52e-07 V                   ; 2.42 V              ; -0.0557 V           ; 0.175 V                              ; 0.114 V                              ; 4.5e-10 s                   ; 4.35e-10 s                  ; No                         ; No                         ; 2.32 V                      ; 3.52e-07 V                  ; 2.42 V             ; -0.0557 V          ; 0.175 V                             ; 0.114 V                             ; 4.5e-10 s                  ; 4.35e-10 s                 ; No                        ; No                        ;
; output_code[4] ; 2.5 V        ; 0 s                 ; 0 s                 ; 2.32 V                       ; 3.07e-07 V                   ; 2.36 V              ; -0.0231 V           ; 0.14 V                               ; 0.089 V                              ; 4.52e-10 s                  ; 4.35e-10 s                  ; No                         ; Yes                        ; 2.32 V                      ; 3.07e-07 V                  ; 2.36 V             ; -0.0231 V          ; 0.14 V                              ; 0.089 V                             ; 4.52e-10 s                 ; 4.35e-10 s                 ; No                        ; Yes                       ;
+----------------+--------------+---------------------+---------------------+------------------------------+------------------------------+---------------------+---------------------+--------------------------------------+--------------------------------------+-----------------------------+-----------------------------+----------------------------+----------------------------+-----------------------------+-----------------------------+--------------------+--------------------+-------------------------------------+-------------------------------------+----------------------------+----------------------------+---------------------------+---------------------------+


+---------------------------------------------------------------------------------------------------------------------------------------------------------------------------------------------------------------------------------------------------------------------------------------------------------------------------------------------------------------------------------------------------------------------------------------------------------------------------------------------------------------------------------------------------------------------------------------------------------------------------------------------------------------------------------------------+
; Signal Integrity Metrics (Slow 1100mv 85c Model)                                                                                                                                                                                                                                                                                                                                                                                                                                                                                                                                                                                                                                            ;
+----------------+--------------+---------------------+---------------------+------------------------------+------------------------------+---------------------+---------------------+--------------------------------------+--------------------------------------+-----------------------------+-----------------------------+----------------------------+----------------------------+-----------------------------+-----------------------------+--------------------+--------------------+-------------------------------------+-------------------------------------+----------------------------+----------------------------+---------------------------+---------------------------+
; Pin            ; I/O Standard ; Board Delay on Rise ; Board Delay on Fall ; Steady State Voh at FPGA Pin ; Steady State Vol at FPGA Pin ; Voh Max at FPGA Pin ; Vol Min at FPGA Pin ; Ringback Voltage on Rise at FPGA Pin ; Ringback Voltage on Fall at FPGA Pin ; 10-90 Rise Time at FPGA Pin ; 90-10 Fall Time at FPGA Pin ; Monotonic Rise at FPGA Pin ; Monotonic Fall at FPGA Pin ; Steady State Voh at Far-end ; Steady State Vol at Far-end ; Voh Max at Far-end ; Vol Min at Far-end ; Ringback Voltage on Rise at Far-end ; Ringback Voltage on Fall at Far-end ; 10-90 Rise Time at Far-end ; 90-10 Fall Time at Far-end ; Monotonic Rise at Far-end ; Monotonic Fall at Far-end ;
+----------------+--------------+---------------------+---------------------+------------------------------+------------------------------+---------------------+---------------------+--------------------------------------+--------------------------------------+-----------------------------+-----------------------------+----------------------------+----------------------------+-----------------------------+-----------------------------+--------------------+--------------------+-------------------------------------+-------------------------------------+----------------------------+----------------------------+---------------------------+---------------------------+
; output_code[0] ; 2.5 V        ; 0 s                 ; 0 s                 ; 2.32 V                       ; 3.88e-05 V                   ; 2.39 V              ; -0.037 V            ; 0.188 V                              ; 0.158 V                              ; 4.67e-10 s                  ; 4.67e-10 s                  ; No                         ; Yes                        ; 2.32 V                      ; 3.88e-05 V                  ; 2.39 V             ; -0.037 V           ; 0.188 V                             ; 0.158 V                             ; 4.67e-10 s                 ; 4.67e-10 s                 ; No                        ; Yes                       ;
; output_code[1] ; 2.5 V        ; 0 s                 ; 0 s                 ; 2.32 V                       ; 3.88e-05 V                   ; 2.39 V              ; -0.0374 V           ; 0.189 V                              ; 0.158 V                              ; 4.66e-10 s                  ; 4.67e-10 s                  ; No                         ; Yes                        ; 2.32 V                      ; 3.88e-05 V                  ; 2.39 V             ; -0.0374 V          ; 0.189 V                             ; 0.158 V                             ; 4.66e-10 s                 ; 4.67e-10 s                 ; No                        ; Yes                       ;
; output_code[2] ; 2.5 V        ; 0 s                 ; 0 s                 ; 2.32 V                       ; 3.49e-05 V                   ; 2.34 V              ; -0.0118 V           ; 0.182 V                              ; 0.051 V                              ; 4.81e-10 s                  ; 4.83e-10 s                  ; Yes                        ; Yes                        ; 2.32 V                      ; 3.49e-05 V                  ; 2.34 V             ; -0.0118 V          ; 0.182 V                             ; 0.051 V                             ; 4.81e-10 s                 ; 4.83e-10 s                 ; Yes                       ; Yes                       ;
; output_code[3] ; 2.5 V        ; 0 s                 ; 0 s                 ; 2.32 V                       ; 3.88e-05 V                   ; 2.39 V              ; -0.037 V            ; 0.188 V                              ; 0.158 V                              ; 4.67e-10 s                  ; 4.67e-10 s                  ; No                         ; Yes                        ; 2.32 V                      ; 3.88e-05 V                  ; 2.39 V             ; -0.037 V           ; 0.188 V                             ; 0.158 V                             ; 4.67e-10 s                 ; 4.67e-10 s                 ; No                        ; Yes                       ;
; output_code[4] ; 2.5 V        ; 0 s                 ; 0 s                 ; 2.32 V                       ; 3.49e-05 V                   ; 2.34 V              ; -0.0118 V           ; 0.182 V                              ; 0.051 V                              ; 4.81e-10 s                  ; 4.83e-10 s                  ; Yes                        ; Yes                        ; 2.32 V                      ; 3.49e-05 V                  ; 2.34 V             ; -0.0118 V          ; 0.182 V                             ; 0.051 V                             ; 4.81e-10 s                 ; 4.83e-10 s                 ; Yes                       ; Yes                       ;
+----------------+--------------+---------------------+---------------------+------------------------------+------------------------------+---------------------+---------------------+--------------------------------------+--------------------------------------+-----------------------------+-----------------------------+----------------------------+----------------------------+-----------------------------+-----------------------------+--------------------+--------------------+-------------------------------------+-------------------------------------+----------------------------+----------------------------+---------------------------+---------------------------+


+---------------------------------------------------------------------------------------------------------------------------------------------------------------------------------------------------------------------------------------------------------------------------------------------------------------------------------------------------------------------------------------------------------------------------------------------------------------------------------------------------------------------------------------------------------------------------------------------------------------------------------------------------------------------------------------------+
; Signal Integrity Metrics (Fast 1100mv 0c Model)                                                                                                                                                                                                                                                                                                                                                                                                                                                                                                                                                                                                                                             ;
+----------------+--------------+---------------------+---------------------+------------------------------+------------------------------+---------------------+---------------------+--------------------------------------+--------------------------------------+-----------------------------+-----------------------------+----------------------------+----------------------------+-----------------------------+-----------------------------+--------------------+--------------------+-------------------------------------+-------------------------------------+----------------------------+----------------------------+---------------------------+---------------------------+
; Pin            ; I/O Standard ; Board Delay on Rise ; Board Delay on Fall ; Steady State Voh at FPGA Pin ; Steady State Vol at FPGA Pin ; Voh Max at FPGA Pin ; Vol Min at FPGA Pin ; Ringback Voltage on Rise at FPGA Pin ; Ringback Voltage on Fall at FPGA Pin ; 10-90 Rise Time at FPGA Pin ; 90-10 Fall Time at FPGA Pin ; Monotonic Rise at FPGA Pin ; Monotonic Fall at FPGA Pin ; Steady State Voh at Far-end ; Steady State Vol at Far-end ; Voh Max at Far-end ; Vol Min at Far-end ; Ringback Voltage on Rise at Far-end ; Ringback Voltage on Fall at Far-end ; 10-90 Rise Time at Far-end ; 90-10 Fall Time at Far-end ; Monotonic Rise at Far-end ; Monotonic Fall at Far-end ;
+----------------+--------------+---------------------+---------------------+------------------------------+------------------------------+---------------------+---------------------+--------------------------------------+--------------------------------------+-----------------------------+-----------------------------+----------------------------+----------------------------+-----------------------------+-----------------------------+--------------------+--------------------+-------------------------------------+-------------------------------------+----------------------------+----------------------------+---------------------------+---------------------------+
; output_code[0] ; 2.5 V        ; 0 s                 ; 0 s                 ; 2.75 V                       ; 4.14e-06 V                   ; 2.91 V              ; -0.121 V            ; 0.326 V                              ; 0.297 V                              ; 2.74e-10 s                  ; 2.8e-10 s                   ; No                         ; No                         ; 2.75 V                      ; 4.14e-06 V                  ; 2.91 V             ; -0.121 V           ; 0.326 V                             ; 0.297 V                             ; 2.74e-10 s                 ; 2.8e-10 s                  ; No                        ; No                        ;
; output_code[1] ; 2.5 V        ; 0 s                 ; 0 s                 ; 2.75 V                       ; 4.14e-06 V                   ; 2.91 V              ; -0.119 V            ; 0.326 V                              ; 0.298 V                              ; 2.74e-10 s                  ; 2.8e-10 s                   ; No                         ; No                         ; 2.75 V                      ; 4.14e-06 V                  ; 2.91 V             ; -0.119 V           ; 0.326 V                             ; 0.298 V                             ; 2.74e-10 s                 ; 2.8e-10 s                  ; No                        ; No                        ;
; output_code[2] ; 2.5 V        ; 0 s                 ; 0 s                 ; 2.75 V                       ; 3.54e-06 V                   ; 2.81 V              ; -0.0578 V           ; 0.303 V                              ; 0.28 V                               ; 2.93e-10 s                  ; 3.01e-10 s                  ; No                         ; No                         ; 2.75 V                      ; 3.54e-06 V                  ; 2.81 V             ; -0.0578 V          ; 0.303 V                             ; 0.28 V                              ; 2.93e-10 s                 ; 3.01e-10 s                 ; No                        ; No                        ;
; output_code[3] ; 2.5 V        ; 0 s                 ; 0 s                 ; 2.75 V                       ; 4.14e-06 V                   ; 2.91 V              ; -0.121 V            ; 0.326 V                              ; 0.297 V                              ; 2.74e-10 s                  ; 2.8e-10 s                   ; No                         ; No                         ; 2.75 V                      ; 4.14e-06 V                  ; 2.91 V             ; -0.121 V           ; 0.326 V                             ; 0.297 V                             ; 2.74e-10 s                 ; 2.8e-10 s                  ; No                        ; No                        ;
; output_code[4] ; 2.5 V        ; 0 s                 ; 0 s                 ; 2.75 V                       ; 3.54e-06 V                   ; 2.81 V              ; -0.0578 V           ; 0.303 V                              ; 0.28 V                               ; 2.93e-10 s                  ; 3.01e-10 s                  ; No                         ; No                         ; 2.75 V                      ; 3.54e-06 V                  ; 2.81 V             ; -0.0578 V          ; 0.303 V                             ; 0.28 V                              ; 2.93e-10 s                 ; 3.01e-10 s                 ; No                        ; No                        ;
+----------------+--------------+---------------------+---------------------+------------------------------+------------------------------+---------------------+---------------------+--------------------------------------+--------------------------------------+-----------------------------+-----------------------------+----------------------------+----------------------------+-----------------------------+-----------------------------+--------------------+--------------------+-------------------------------------+-------------------------------------+----------------------------+----------------------------+---------------------------+---------------------------+


+---------------------------------------------------------------------------------------------------------------------------------------------------------------------------------------------------------------------------------------------------------------------------------------------------------------------------------------------------------------------------------------------------------------------------------------------------------------------------------------------------------------------------------------------------------------------------------------------------------------------------------------------------------------------------------------------+
; Signal Integrity Metrics (Fast 1100mv 85c Model)                                                                                                                                                                                                                                                                                                                                                                                                                                                                                                                                                                                                                                            ;
+----------------+--------------+---------------------+---------------------+------------------------------+------------------------------+---------------------+---------------------+--------------------------------------+--------------------------------------+-----------------------------+-----------------------------+----------------------------+----------------------------+-----------------------------+-----------------------------+--------------------+--------------------+-------------------------------------+-------------------------------------+----------------------------+----------------------------+---------------------------+---------------------------+
; Pin            ; I/O Standard ; Board Delay on Rise ; Board Delay on Fall ; Steady State Voh at FPGA Pin ; Steady State Vol at FPGA Pin ; Voh Max at FPGA Pin ; Vol Min at FPGA Pin ; Ringback Voltage on Rise at FPGA Pin ; Ringback Voltage on Fall at FPGA Pin ; 10-90 Rise Time at FPGA Pin ; 90-10 Fall Time at FPGA Pin ; Monotonic Rise at FPGA Pin ; Monotonic Fall at FPGA Pin ; Steady State Voh at Far-end ; Steady State Vol at Far-end ; Voh Max at Far-end ; Vol Min at Far-end ; Ringback Voltage on Rise at Far-end ; Ringback Voltage on Fall at Far-end ; 10-90 Rise Time at Far-end ; 90-10 Fall Time at Far-end ; Monotonic Rise at Far-end ; Monotonic Fall at Far-end ;
+----------------+--------------+---------------------+---------------------+------------------------------+------------------------------+---------------------+---------------------+--------------------------------------+--------------------------------------+-----------------------------+-----------------------------+----------------------------+----------------------------+-----------------------------+-----------------------------+--------------------+--------------------+-------------------------------------+-------------------------------------+----------------------------+----------------------------+---------------------------+---------------------------+
; output_code[0] ; 2.5 V        ; 0 s                 ; 0 s                 ; 2.75 V                       ; 0.000242 V                   ; 2.86 V              ; -0.0814 V           ; 0.36 V                               ; 0.156 V                              ; 3e-10 s                     ; 4.34e-10 s                  ; No                         ; No                         ; 2.75 V                      ; 0.000242 V                  ; 2.86 V             ; -0.0814 V          ; 0.36 V                              ; 0.156 V                             ; 3e-10 s                    ; 4.34e-10 s                 ; No                        ; No                        ;
; output_code[1] ; 2.5 V        ; 0 s                 ; 0 s                 ; 2.75 V                       ; 0.000242 V                   ; 2.86 V              ; -0.0805 V           ; 0.358 V                              ; 0.156 V                              ; 3.01e-10 s                  ; 4.34e-10 s                  ; No                         ; No                         ; 2.75 V                      ; 0.000242 V                  ; 2.86 V             ; -0.0805 V          ; 0.358 V                             ; 0.156 V                             ; 3.01e-10 s                 ; 4.34e-10 s                 ; No                        ; No                        ;
; output_code[2] ; 2.5 V        ; 0 s                 ; 0 s                 ; 2.75 V                       ; 0.000213 V                   ; 2.79 V              ; -0.0324 V           ; 0.139 V                              ; 0.119 V                              ; 4.42e-10 s                  ; 4.33e-10 s                  ; No                         ; Yes                        ; 2.75 V                      ; 0.000213 V                  ; 2.79 V             ; -0.0324 V          ; 0.139 V                             ; 0.119 V                             ; 4.42e-10 s                 ; 4.33e-10 s                 ; No                        ; Yes                       ;
; output_code[3] ; 2.5 V        ; 0 s                 ; 0 s                 ; 2.75 V                       ; 0.000242 V                   ; 2.86 V              ; -0.0814 V           ; 0.36 V                               ; 0.156 V                              ; 3e-10 s                     ; 4.34e-10 s                  ; No                         ; No                         ; 2.75 V                      ; 0.000242 V                  ; 2.86 V             ; -0.0814 V          ; 0.36 V                              ; 0.156 V                             ; 3e-10 s                    ; 4.34e-10 s                 ; No                        ; No                        ;
; output_code[4] ; 2.5 V        ; 0 s                 ; 0 s                 ; 2.75 V                       ; 0.000213 V                   ; 2.79 V              ; -0.0324 V           ; 0.139 V                              ; 0.119 V                              ; 4.42e-10 s                  ; 4.33e-10 s                  ; No                         ; Yes                        ; 2.75 V                      ; 0.000213 V                  ; 2.79 V             ; -0.0324 V          ; 0.139 V                             ; 0.119 V                             ; 4.42e-10 s                 ; 4.33e-10 s                 ; No                        ; Yes                       ;
+----------------+--------------+---------------------+---------------------+------------------------------+------------------------------+---------------------+---------------------+--------------------------------------+--------------------------------------+-----------------------------+-----------------------------+----------------------------+----------------------------+-----------------------------+-----------------------------+--------------------+--------------------+-------------------------------------+-------------------------------------+----------------------------+----------------------------+---------------------------+---------------------------+


+-----------------------------------------------------------------------------------------------------+
; Setup Transfers                                                                                     ;
+----------------------------------------------+----------+----------+----------+----------+----------+
; From Clock                                   ; To Clock ; RR Paths ; FR Paths ; RF Paths ; FF Paths ;
+----------------------------------------------+----------+----------+----------+----------+----------+
; clock                                        ; clock    ; 12       ; 40       ; 35       ; 72       ;
; g14_rotor_stepper_fsm:rotor_stepper|state.s0 ; clock    ; 81       ; 41       ; 159      ; 72       ;
+----------------------------------------------+----------+----------+----------+----------+----------+
Entries labeled "false path" only account for clock-to-clock false paths and not path-based false paths. As a result, actual path counts may be lower than reported.


+-----------------------------------------------------------------------------------------------------+
; Hold Transfers                                                                                      ;
+----------------------------------------------+----------+----------+----------+----------+----------+
; From Clock                                   ; To Clock ; RR Paths ; FR Paths ; RF Paths ; FF Paths ;
+----------------------------------------------+----------+----------+----------+----------+----------+
; clock                                        ; clock    ; 12       ; 40       ; 35       ; 72       ;
; g14_rotor_stepper_fsm:rotor_stepper|state.s0 ; clock    ; 81       ; 41       ; 159      ; 72       ;
+----------------------------------------------+----------+----------+----------+----------+----------+
Entries labeled "false path" only account for clock-to-clock false paths and not path-based false paths. As a result, actual path counts may be lower than reported.


+-----------------------------------------------------------------------------------------------------+
; Recovery Transfers                                                                                  ;
+----------------------------------------------+----------+----------+----------+----------+----------+
; From Clock                                   ; To Clock ; RR Paths ; FR Paths ; RF Paths ; FF Paths ;
+----------------------------------------------+----------+----------+----------+----------+----------+
; g14_rotor_stepper_fsm:rotor_stepper|state.s0 ; clock    ; 0        ; 0        ; 15       ; 15       ;
+----------------------------------------------+----------+----------+----------+----------+----------+
Entries labeled "false path" only account for clock-to-clock false paths and not path-based false paths. As a result, actual path counts may be lower than reported.


+-----------------------------------------------------------------------------------------------------+
; Removal Transfers                                                                                   ;
+----------------------------------------------+----------+----------+----------+----------+----------+
; From Clock                                   ; To Clock ; RR Paths ; FR Paths ; RF Paths ; FF Paths ;
+----------------------------------------------+----------+----------+----------+----------+----------+
; g14_rotor_stepper_fsm:rotor_stepper|state.s0 ; clock    ; 0        ; 0        ; 15       ; 15       ;
+----------------------------------------------+----------+----------+----------+----------+----------+
Entries labeled "false path" only account for clock-to-clock false paths and not path-based false paths. As a result, actual path counts may be lower than reported.


---------------
; Report TCCS ;
---------------
No dedicated SERDES Transmitter circuitry present in device or used in design


---------------
; Report RSKM ;
---------------
No non-DPA dedicated SERDES Receiver circuitry present in device or used in design


+------------------------------------------------+
; Unconstrained Paths Summary                    ;
+---------------------------------+-------+------+
; Property                        ; Setup ; Hold ;
+---------------------------------+-------+------+
; Illegal Clocks                  ; 0     ; 0    ;
; Unconstrained Clocks            ; 0     ; 0    ;
; Unconstrained Input Ports       ; 56    ; 56   ;
; Unconstrained Input Port Paths  ; 408   ; 408  ;
; Unconstrained Output Ports      ; 5     ; 5    ;
; Unconstrained Output Port Paths ; 425   ; 425  ;
+---------------------------------+-------+------+


+------------------------------------------------------------------------------------------------------------------+
; Clock Status Summary                                                                                             ;
+----------------------------------------------+----------------------------------------------+------+-------------+
; Target                                       ; Clock                                        ; Type ; Status      ;
+----------------------------------------------+----------------------------------------------+------+-------------+
; clock                                        ; clock                                        ; Base ; Constrained ;
; g14_rotor_stepper_fsm:rotor_stepper|state.s0 ; g14_rotor_stepper_fsm:rotor_stepper|state.s0 ; Base ; Constrained ;
+----------------------------------------------+----------------------------------------------+------+-------------+


+-----------------------------------------------------------------------------------------------------------+
; Unconstrained Input Ports                                                                                 ;
+--------------------+--------------------------------------------------------------------------------------+
; Input Port         ; Comment                                                                              ;
+--------------------+--------------------------------------------------------------------------------------+
; directions_l[0]    ; No input delay, min/max delays, false-path exceptions, or max skew assignments found ;
; directions_l[1]    ; No input delay, min/max delays, false-path exceptions, or max skew assignments found ;
; directions_l[2]    ; No input delay, min/max delays, false-path exceptions, or max skew assignments found ;
; directions_l[3]    ; No input delay, min/max delays, false-path exceptions, or max skew assignments found ;
; directions_m[0]    ; No input delay, min/max delays, false-path exceptions, or max skew assignments found ;
; directions_m[1]    ; No input delay, min/max delays, false-path exceptions, or max skew assignments found ;
; directions_m[2]    ; No input delay, min/max delays, false-path exceptions, or max skew assignments found ;
; directions_m[3]    ; No input delay, min/max delays, false-path exceptions, or max skew assignments found ;
; directions_r[0]    ; No input delay, min/max delays, false-path exceptions, or max skew assignments found ;
; directions_r[1]    ; No input delay, min/max delays, false-path exceptions, or max skew assignments found ;
; directions_r[2]    ; No input delay, min/max delays, false-path exceptions, or max skew assignments found ;
; directions_r[3]    ; No input delay, min/max delays, false-path exceptions, or max skew assignments found ;
; input_code[0]      ; No input delay, min/max delays, false-path exceptions, or max skew assignments found ;
; input_code[1]      ; No input delay, min/max delays, false-path exceptions, or max skew assignments found ;
; input_code[2]      ; No input delay, min/max delays, false-path exceptions, or max skew assignments found ;
; input_code[3]      ; No input delay, min/max delays, false-path exceptions, or max skew assignments found ;
; input_code[4]      ; No input delay, min/max delays, false-path exceptions, or max skew assignments found ;
; keypress           ; No input delay, min/max delays, false-path exceptions, or max skew assignments found ;
; reflector_type     ; No input delay, min/max delays, false-path exceptions, or max skew assignments found ;
; reset              ; No input delay, min/max delays, false-path exceptions, or max skew assignments found ;
; ring_setting_l[0]  ; No input delay, min/max delays, false-path exceptions, or max skew assignments found ;
; ring_setting_l[1]  ; No input delay, min/max delays, false-path exceptions, or max skew assignments found ;
; ring_setting_l[2]  ; No input delay, min/max delays, false-path exceptions, or max skew assignments found ;
; ring_setting_l[3]  ; No input delay, min/max delays, false-path exceptions, or max skew assignments found ;
; ring_setting_l[4]  ; No input delay, min/max delays, false-path exceptions, or max skew assignments found ;
; ring_setting_m[0]  ; No input delay, min/max delays, false-path exceptions, or max skew assignments found ;
; ring_setting_m[1]  ; No input delay, min/max delays, false-path exceptions, or max skew assignments found ;
; ring_setting_m[2]  ; No input delay, min/max delays, false-path exceptions, or max skew assignments found ;
; ring_setting_m[3]  ; No input delay, min/max delays, false-path exceptions, or max skew assignments found ;
; ring_setting_m[4]  ; No input delay, min/max delays, false-path exceptions, or max skew assignments found ;
; ring_setting_r[0]  ; No input delay, min/max delays, false-path exceptions, or max skew assignments found ;
; ring_setting_r[1]  ; No input delay, min/max delays, false-path exceptions, or max skew assignments found ;
; ring_setting_r[2]  ; No input delay, min/max delays, false-path exceptions, or max skew assignments found ;
; ring_setting_r[3]  ; No input delay, min/max delays, false-path exceptions, or max skew assignments found ;
; ring_setting_r[4]  ; No input delay, min/max delays, false-path exceptions, or max skew assignments found ;
; rotor_ini_pos_l[0] ; No input delay, min/max delays, false-path exceptions, or max skew assignments found ;
; rotor_ini_pos_l[1] ; No input delay, min/max delays, false-path exceptions, or max skew assignments found ;
; rotor_ini_pos_l[2] ; No input delay, min/max delays, false-path exceptions, or max skew assignments found ;
; rotor_ini_pos_l[3] ; No input delay, min/max delays, false-path exceptions, or max skew assignments found ;
; rotor_ini_pos_l[4] ; No input delay, min/max delays, false-path exceptions, or max skew assignments found ;
; rotor_ini_pos_m[0] ; No input delay, min/max delays, false-path exceptions, or max skew assignments found ;
; rotor_ini_pos_m[1] ; No input delay, min/max delays, false-path exceptions, or max skew assignments found ;
; rotor_ini_pos_m[2] ; No input delay, min/max delays, false-path exceptions, or max skew assignments found ;
; rotor_ini_pos_m[3] ; No input delay, min/max delays, false-path exceptions, or max skew assignments found ;
; rotor_ini_pos_m[4] ; No input delay, min/max delays, false-path exceptions, or max skew assignments found ;
; rotor_ini_pos_r[0] ; No input delay, min/max delays, false-path exceptions, or max skew assignments found ;
; rotor_ini_pos_r[1] ; No input delay, min/max delays, false-path exceptions, or max skew assignments found ;
; rotor_ini_pos_r[2] ; No input delay, min/max delays, false-path exceptions, or max skew assignments found ;
; rotor_ini_pos_r[3] ; No input delay, min/max delays, false-path exceptions, or max skew assignments found ;
; rotor_ini_pos_r[4] ; No input delay, min/max delays, false-path exceptions, or max skew assignments found ;
; rotor_type_l[0]    ; No input delay, min/max delays, false-path exceptions, or max skew assignments found ;
; rotor_type_l[1]    ; No input delay, min/max delays, false-path exceptions, or max skew assignments found ;
; rotor_type_m[0]    ; No input delay, min/max delays, false-path exceptions, or max skew assignments found ;
; rotor_type_m[1]    ; No input delay, min/max delays, false-path exceptions, or max skew assignments found ;
; rotor_type_r[0]    ; No input delay, min/max delays, false-path exceptions, or max skew assignments found ;
; rotor_type_r[1]    ; No input delay, min/max delays, false-path exceptions, or max skew assignments found ;
+--------------------+--------------------------------------------------------------------------------------+


+--------------------------------------------------------------------------------------------------------+
; Unconstrained Output Ports                                                                             ;
+----------------+---------------------------------------------------------------------------------------+
; Output Port    ; Comment                                                                               ;
+----------------+---------------------------------------------------------------------------------------+
; output_code[0] ; No output delay, min/max delays, false-path exceptions, or max skew assignments found ;
; output_code[1] ; No output delay, min/max delays, false-path exceptions, or max skew assignments found ;
; output_code[2] ; No output delay, min/max delays, false-path exceptions, or max skew assignments found ;
; output_code[3] ; No output delay, min/max delays, false-path exceptions, or max skew assignments found ;
; output_code[4] ; No output delay, min/max delays, false-path exceptions, or max skew assignments found ;
+----------------+---------------------------------------------------------------------------------------+


+-----------------------------------------------------------------------------------------------------------+
; Unconstrained Input Ports                                                                                 ;
+--------------------+--------------------------------------------------------------------------------------+
; Input Port         ; Comment                                                                              ;
+--------------------+--------------------------------------------------------------------------------------+
; directions_l[0]    ; No input delay, min/max delays, false-path exceptions, or max skew assignments found ;
; directions_l[1]    ; No input delay, min/max delays, false-path exceptions, or max skew assignments found ;
; directions_l[2]    ; No input delay, min/max delays, false-path exceptions, or max skew assignments found ;
; directions_l[3]    ; No input delay, min/max delays, false-path exceptions, or max skew assignments found ;
; directions_m[0]    ; No input delay, min/max delays, false-path exceptions, or max skew assignments found ;
; directions_m[1]    ; No input delay, min/max delays, false-path exceptions, or max skew assignments found ;
; directions_m[2]    ; No input delay, min/max delays, false-path exceptions, or max skew assignments found ;
; directions_m[3]    ; No input delay, min/max delays, false-path exceptions, or max skew assignments found ;
; directions_r[0]    ; No input delay, min/max delays, false-path exceptions, or max skew assignments found ;
; directions_r[1]    ; No input delay, min/max delays, false-path exceptions, or max skew assignments found ;
; directions_r[2]    ; No input delay, min/max delays, false-path exceptions, or max skew assignments found ;
; directions_r[3]    ; No input delay, min/max delays, false-path exceptions, or max skew assignments found ;
; input_code[0]      ; No input delay, min/max delays, false-path exceptions, or max skew assignments found ;
; input_code[1]      ; No input delay, min/max delays, false-path exceptions, or max skew assignments found ;
; input_code[2]      ; No input delay, min/max delays, false-path exceptions, or max skew assignments found ;
; input_code[3]      ; No input delay, min/max delays, false-path exceptions, or max skew assignments found ;
; input_code[4]      ; No input delay, min/max delays, false-path exceptions, or max skew assignments found ;
; keypress           ; No input delay, min/max delays, false-path exceptions, or max skew assignments found ;
; reflector_type     ; No input delay, min/max delays, false-path exceptions, or max skew assignments found ;
; reset              ; No input delay, min/max delays, false-path exceptions, or max skew assignments found ;
; ring_setting_l[0]  ; No input delay, min/max delays, false-path exceptions, or max skew assignments found ;
; ring_setting_l[1]  ; No input delay, min/max delays, false-path exceptions, or max skew assignments found ;
; ring_setting_l[2]  ; No input delay, min/max delays, false-path exceptions, or max skew assignments found ;
; ring_setting_l[3]  ; No input delay, min/max delays, false-path exceptions, or max skew assignments found ;
; ring_setting_l[4]  ; No input delay, min/max delays, false-path exceptions, or max skew assignments found ;
; ring_setting_m[0]  ; No input delay, min/max delays, false-path exceptions, or max skew assignments found ;
; ring_setting_m[1]  ; No input delay, min/max delays, false-path exceptions, or max skew assignments found ;
; ring_setting_m[2]  ; No input delay, min/max delays, false-path exceptions, or max skew assignments found ;
; ring_setting_m[3]  ; No input delay, min/max delays, false-path exceptions, or max skew assignments found ;
; ring_setting_m[4]  ; No input delay, min/max delays, false-path exceptions, or max skew assignments found ;
; ring_setting_r[0]  ; No input delay, min/max delays, false-path exceptions, or max skew assignments found ;
; ring_setting_r[1]  ; No input delay, min/max delays, false-path exceptions, or max skew assignments found ;
; ring_setting_r[2]  ; No input delay, min/max delays, false-path exceptions, or max skew assignments found ;
; ring_setting_r[3]  ; No input delay, min/max delays, false-path exceptions, or max skew assignments found ;
; ring_setting_r[4]  ; No input delay, min/max delays, false-path exceptions, or max skew assignments found ;
; rotor_ini_pos_l[0] ; No input delay, min/max delays, false-path exceptions, or max skew assignments found ;
; rotor_ini_pos_l[1] ; No input delay, min/max delays, false-path exceptions, or max skew assignments found ;
; rotor_ini_pos_l[2] ; No input delay, min/max delays, false-path exceptions, or max skew assignments found ;
; rotor_ini_pos_l[3] ; No input delay, min/max delays, false-path exceptions, or max skew assignments found ;
; rotor_ini_pos_l[4] ; No input delay, min/max delays, false-path exceptions, or max skew assignments found ;
; rotor_ini_pos_m[0] ; No input delay, min/max delays, false-path exceptions, or max skew assignments found ;
; rotor_ini_pos_m[1] ; No input delay, min/max delays, false-path exceptions, or max skew assignments found ;
; rotor_ini_pos_m[2] ; No input delay, min/max delays, false-path exceptions, or max skew assignments found ;
; rotor_ini_pos_m[3] ; No input delay, min/max delays, false-path exceptions, or max skew assignments found ;
; rotor_ini_pos_m[4] ; No input delay, min/max delays, false-path exceptions, or max skew assignments found ;
; rotor_ini_pos_r[0] ; No input delay, min/max delays, false-path exceptions, or max skew assignments found ;
; rotor_ini_pos_r[1] ; No input delay, min/max delays, false-path exceptions, or max skew assignments found ;
; rotor_ini_pos_r[2] ; No input delay, min/max delays, false-path exceptions, or max skew assignments found ;
; rotor_ini_pos_r[3] ; No input delay, min/max delays, false-path exceptions, or max skew assignments found ;
; rotor_ini_pos_r[4] ; No input delay, min/max delays, false-path exceptions, or max skew assignments found ;
; rotor_type_l[0]    ; No input delay, min/max delays, false-path exceptions, or max skew assignments found ;
; rotor_type_l[1]    ; No input delay, min/max delays, false-path exceptions, or max skew assignments found ;
; rotor_type_m[0]    ; No input delay, min/max delays, false-path exceptions, or max skew assignments found ;
; rotor_type_m[1]    ; No input delay, min/max delays, false-path exceptions, or max skew assignments found ;
; rotor_type_r[0]    ; No input delay, min/max delays, false-path exceptions, or max skew assignments found ;
; rotor_type_r[1]    ; No input delay, min/max delays, false-path exceptions, or max skew assignments found ;
+--------------------+--------------------------------------------------------------------------------------+


+--------------------------------------------------------------------------------------------------------+
; Unconstrained Output Ports                                                                             ;
+----------------+---------------------------------------------------------------------------------------+
; Output Port    ; Comment                                                                               ;
+----------------+---------------------------------------------------------------------------------------+
; output_code[0] ; No output delay, min/max delays, false-path exceptions, or max skew assignments found ;
; output_code[1] ; No output delay, min/max delays, false-path exceptions, or max skew assignments found ;
; output_code[2] ; No output delay, min/max delays, false-path exceptions, or max skew assignments found ;
; output_code[3] ; No output delay, min/max delays, false-path exceptions, or max skew assignments found ;
; output_code[4] ; No output delay, min/max delays, false-path exceptions, or max skew assignments found ;
+----------------+---------------------------------------------------------------------------------------+


+------------------------------------+
; TimeQuest Timing Analyzer Messages ;
+------------------------------------+
Info: *******************************************************************
Info: Running Quartus Prime TimeQuest Timing Analyzer
    Info: Version 15.1.0 Build 185 10/21/2015 SJ Lite Edition
    Info: Processing started: Thu Apr 07 00:55:06 2016
Info: Command: quartus_sta enigma -c enigma
Info: qsta_default_script.tcl version: #1
Info (20030): Parallel compilation is enabled and will use 2 of the 2 processors detected
Info (21077): Low junction temperature is 0 degrees C
Info (21077): High junction temperature is 85 degrees C
Warning (335093): TimeQuest Timing Analyzer is analyzing 15 combinational loops as latches.
Critical Warning (332012): Synopsys Design Constraints File file not found: 'enigma.sdc'. A Synopsys Design Constraints File is required by the TimeQuest Timing Analyzer to get proper timing constraints. Without it, the Compiler will not properly optimize the design.
Info (332142): No user constrained base clocks found in the design. Calling "derive_clocks -period 1.0"
Info (332105): Deriving Clocks
    Info (332105): create_clock -period 1.000 -name clock clock
    Info (332105): create_clock -period 1.000 -name g14_rotor_stepper_fsm:rotor_stepper|state.s0 g14_rotor_stepper_fsm:rotor_stepper|state.s0
Info (332143): No user constrained clock uncertainty found in the design. Calling "derive_clock_uncertainty"
Info (332123): Deriving Clock Uncertainty. Please refer to report_sdc in TimeQuest to see clock uncertainties.
Info: Found TIMEQUEST_REPORT_SCRIPT_INCLUDE_DEFAULT_ANALYSIS = ON
Info: Analyzing Slow 1100mV 85C Model
Critical Warning (332148): Timing requirements not met
    Info (11105): For recommendations on closing timing, run Report Timing Closure Recommendations in the TimeQuest Timing Analyzer.
Info (332146): Worst-case setup slack is -5.634
    Info (332119):     Slack       End Point TNS Clock 
    Info (332119): ========= =================== =====================
    Info (332119):    -5.634             -85.721 clock 
Info (332146): Worst-case hold slack is 0.223
    Info (332119):     Slack       End Point TNS Clock 
    Info (332119): ========= =================== =====================
    Info (332119):     0.223               0.000 clock 
Info (332146): Worst-case recovery slack is -2.842
    Info (332119):     Slack       End Point TNS Clock 
    Info (332119): ========= =================== =====================
    Info (332119):    -2.842             -42.093 clock 
Info (332146): Worst-case removal slack is 1.842
    Info (332119):     Slack       End Point TNS Clock 
    Info (332119): ========= =================== =====================
    Info (332119):     1.842               0.000 clock 
Info (332146): Worst-case minimum pulse width slack is -0.394
    Info (332119):     Slack       End Point TNS Clock 
    Info (332119): ========= =================== =====================
    Info (332119):    -0.394             -12.762 clock 
    Info (332119):     0.251               0.000 g14_rotor_stepper_fsm:rotor_stepper|state.s0 
Info: Analyzing Slow 1100mV 0C Model
Info (334003): Started post-fitting delay annotation
Info (334004): Delay annotation completed successfully
Info (332123): Deriving Clock Uncertainty. Please refer to report_sdc in TimeQuest to see clock uncertainties.
Critical Warning (332148): Timing requirements not met
    Info (11105): For recommendations on closing timing, run Report Timing Closure Recommendations in the TimeQuest Timing Analyzer.
Info (332146): Worst-case setup slack is -5.420
    Info (332119):     Slack       End Point TNS Clock 
    Info (332119): ========= =================== =====================
    Info (332119):    -5.420             -82.042 clock 
Info (332146): Worst-case hold slack is 0.207
    Info (332119):     Slack       End Point TNS Clock 
    Info (332119): ========= =================== =====================
    Info (332119):     0.207               0.000 clock 
Info (332146): Worst-case recovery slack is -2.592
    Info (332119):     Slack       End Point TNS Clock 
    Info (332119): ========= =================== =====================
    Info (332119):    -2.592             -38.135 clock 
Info (332146): Worst-case removal slack is 1.609
    Info (332119):     Slack       End Point TNS Clock 
    Info (332119): ========= =================== =====================
    Info (332119):     1.609               0.000 clock 
Info (332146): Worst-case minimum pulse width slack is -0.394
    Info (332119):     Slack       End Point TNS Clock 
    Info (332119): ========= =================== =====================
    Info (332119):    -0.394             -14.632 clock 
    Info (332119):     0.288               0.000 g14_rotor_stepper_fsm:rotor_stepper|state.s0 
Info: Analyzing Fast 1100mV 85C Model
Info (334003): Started post-fitting delay annotation
Info (334004): Delay annotation completed successfully
Info (332123): Deriving Clock Uncertainty. Please refer to report_sdc in TimeQuest to see clock uncertainties.
Critical Warning (332148): Timing requirements not met
    Info (11105): For recommendations on closing timing, run Report Timing Closure Recommendations in the TimeQuest Timing Analyzer.
Info (332146): Worst-case setup slack is -3.741
    Info (332119):     Slack       End Point TNS Clock 
    Info (332119): ========= =================== =====================
    Info (332119):    -3.741             -52.968 clock 
Info (332146): Worst-case hold slack is 0.133
    Info (332119):     Slack       End Point TNS Clock 
    Info (332119): ========= =================== =====================
    Info (332119):     0.133               0.000 clock 
Info (332146): Worst-case recovery slack is -1.793
    Info (332119):     Slack       End Point TNS Clock 
    Info (332119): ========= =================== =====================
    Info (332119):    -1.793             -26.091 clock 
Info (332146): Worst-case removal slack is 1.318
    Info (332119):     Slack       End Point TNS Clock 
    Info (332119): ========= =================== =====================
    Info (332119):     1.318               0.000 clock 
Info (332146): Worst-case minimum pulse width slack is -0.075
    Info (332119):     Slack       End Point TNS Clock 
    Info (332119): ========= =================== =====================
    Info (332119):    -0.075              -1.262 clock 
    Info (332119):     0.277               0.000 g14_rotor_stepper_fsm:rotor_stepper|state.s0 
Info: Analyzing Fast 1100mV 0C Model
Info (332123): Deriving Clock Uncertainty. Please refer to report_sdc in TimeQuest to see clock uncertainties.
Critical Warning (332148): Timing requirements not met
    Info (11105): For recommendations on closing timing, run Report Timing Closure Recommendations in the TimeQuest Timing Analyzer.
Info (332146): Worst-case setup slack is -3.026
    Info (332119):     Slack       End Point TNS Clock 
    Info (332119): ========= =================== =====================
    Info (332119):    -3.026             -42.908 clock 
Info (332146): Worst-case hold slack is 0.119
    Info (332119):     Slack       End Point TNS Clock 
    Info (332119): ========= =================== =====================
    Info (332119):     0.119               0.000 clock 
Info (332146): Worst-case recovery slack is -1.235
    Info (332119):     Slack       End Point TNS Clock 
    Info (332119): ========= =================== =====================
    Info (332119):    -1.235             -17.853 clock 
Info (332146): Worst-case removal slack is 0.952
    Info (332119):     Slack       End Point TNS Clock 
    Info (332119): ========= =================== =====================
    Info (332119):     0.952               0.000 clock 
Info (332146): Worst-case minimum pulse width slack is -0.077
    Info (332119):     Slack       End Point TNS Clock 
    Info (332119): ========= =================== =====================
    Info (332119):    -0.077              -1.663 clock 
    Info (332119):     0.310               0.000 g14_rotor_stepper_fsm:rotor_stepper|state.s0 
Info (332102): Design is not fully constrained for setup requirements
Info (332102): Design is not fully constrained for hold requirements
Info: Quartus Prime TimeQuest Timing Analyzer was successful. 0 errors, 6 warnings
    Info: Peak virtual memory: 1244 megabytes
    Info: Processing ended: Thu Apr 07 00:55:23 2016
    Info: Elapsed time: 00:00:17
    Info: Total CPU time (on all processors): 00:00:24


