EDA Netlist Writer report for enigma
Wed Apr 06 21:37:47 2016
Quartus Prime Version 15.1.0 Build 185 10/21/2015 SJ Lite Edition


---------------------
; Table of Contents ;
---------------------
  1. Legal Notice
  2. EDA Netlist Writer Summary
  3. EDA Netlist Writer Messages



----------------
; Legal Notice ;
----------------
Copyright (C) 1991-2015 Altera Corporation. All rights reserved.
Your use of Altera Corporation's design tools, logic functions 
and other software and tools, and its AMPP partner logic 
functions, and any output files from any of the foregoing 
(including device programming or simulation files), and any 
associated documentation or information are expressly subject 
to the terms and conditions of the Altera Program License 
Subscription Agreement, the Altera Quartus Prime License Agreement,
the Altera MegaCore Function License Agreement, or other 
applicable license agreement, including, without limitation, 
that your use is for the sole purpose of programming logic 
devices manufactured by Altera and sold by Altera or its 
authorized distributors.  Please refer to the applicable 
agreement for further details.



+-------------------------------------------------------------------+
; EDA Netlist Writer Summary                                        ;
+---------------------------+---------------------------------------+
; EDA Netlist Writer Status ; Successful - Wed Apr 06 21:37:47 2016 ;
; Revision Name             ; enigma                                ;
; Top-level Entity Name     ; enigma                                ;
; Family                    ; Cyclone V                             ;
+---------------------------+---------------------------------------+


+-----------------------------+
; EDA Netlist Writer Messages ;
+-----------------------------+
Info: *******************************************************************
Info: Running Quartus Prime EDA Netlist Writer
    Info: Version 15.1.0 Build 185 10/21/2015 SJ Lite Edition
    Info: Processing started: Wed Apr 06 21:37:46 2016
Info: Command: quartus_eda --read_settings_files=on --write_settings_files=off enigma -c enigma --gen_testbench
Info (201002): Generated VHDL Test Bench File C:/Users/user/Documents/GitHub/ecse-323/lab5/g14_enigma_machine/simulation/modelsim/enigma.vht for simulation
Info: Quartus Prime EDA Netlist Writer was successful. 0 errors, 0 warnings
    Info: Peak virtual memory: 804 megabytes
    Info: Processing ended: Wed Apr 06 21:37:47 2016
    Info: Elapsed time: 00:00:01
    Info: Total CPU time (on all processors): 00:00:02


